Classic Timing Analyzer report for temporizador
Fri Feb 23 15:13:53 2024
Quartus II Version 9.1 Build 350 03/24/2010 Service Pack 2 SJ Web Edition


---------------------
; Table of Contents ;
---------------------
  1. Legal Notice
  2. Timing Analyzer Summary
  3. Timing Analyzer Settings
  4. Clock Settings Summary
  5. Parallel Compilation
  6. Clock Setup: 'CLK'
  7. tco
  8. Timing Analyzer Messages



----------------
; Legal Notice ;
----------------
Copyright (C) 1991-2010 Altera Corporation
Your use of Altera Corporation's design tools, logic functions 
and other software and tools, and its AMPP partner logic 
functions, and any output files from any of the foregoing 
(including device programming or simulation files), and any 
associated documentation or information are expressly subject 
to the terms and conditions of the Altera Program License 
Subscription Agreement, Altera MegaCore Function License 
Agreement, or other applicable license agreement, including, 
without limitation, that your use is for the sole purpose of 
programming logic devices manufactured by Altera and sold by 
Altera or its authorized distributors.  Please refer to the 
applicable agreement for further details.



+---------------------------------------------------------------------------------------------------------------------------------------------------------------------------+
; Timing Analyzer Summary                                                                                                                                                   ;
+------------------------------+-------+---------------+----------------------------------+--------------------------+---------------+------------+----------+--------------+
; Type                         ; Slack ; Required Time ; Actual Time                      ; From                     ; To            ; From Clock ; To Clock ; Failed Paths ;
+------------------------------+-------+---------------+----------------------------------+--------------------------+---------------+------------+----------+--------------+
; Worst-case tco               ; N/A   ; None          ; 11.128 ns                        ; 74160:inst6|9            ; OUT           ; CLK        ; --       ; 0            ;
; Clock Setup: 'CLK'           ; N/A   ; None          ; 290.28 MHz ( period = 3.445 ns ) ; 74161:inst1|f74161:sub|9 ; 74160:inst6|7 ; CLK        ; CLK      ; 0            ;
; Total number of failed paths ;       ;               ;                                  ;                          ;               ;            ;          ; 0            ;
+------------------------------+-------+---------------+----------------------------------+--------------------------+---------------+------------+----------+--------------+


+-----------------------------------------------------------------------------------------------------------------------------------------------------+
; Timing Analyzer Settings                                                                                                                            ;
+------------------------------------------------------------------------------------------------------+--------------------+------+----+-------------+
; Option                                                                                               ; Setting            ; From ; To ; Entity Name ;
+------------------------------------------------------------------------------------------------------+--------------------+------+----+-------------+
; Device Name                                                                                          ; EP2C35F672C6       ;      ;    ;             ;
; Timing Models                                                                                        ; Final              ;      ;    ;             ;
; Default hold multicycle                                                                              ; Same as Multicycle ;      ;    ;             ;
; Cut paths between unrelated clock domains                                                            ; On                 ;      ;    ;             ;
; Cut off read during write signal paths                                                               ; On                 ;      ;    ;             ;
; Cut off feedback from I/O pins                                                                       ; On                 ;      ;    ;             ;
; Report Combined Fast/Slow Timing                                                                     ; Off                ;      ;    ;             ;
; Ignore Clock Settings                                                                                ; Off                ;      ;    ;             ;
; Analyze latches as synchronous elements                                                              ; On                 ;      ;    ;             ;
; Enable Recovery/Removal analysis                                                                     ; Off                ;      ;    ;             ;
; Enable Clock Latency                                                                                 ; Off                ;      ;    ;             ;
; Use TimeQuest Timing Analyzer                                                                        ; Off                ;      ;    ;             ;
; Minimum Core Junction Temperature                                                                    ; 0                  ;      ;    ;             ;
; Maximum Core Junction Temperature                                                                    ; 85                 ;      ;    ;             ;
; Number of source nodes to report per destination node                                                ; 10                 ;      ;    ;             ;
; Number of destination nodes to report                                                                ; 10                 ;      ;    ;             ;
; Number of paths to report                                                                            ; 200                ;      ;    ;             ;
; Report Minimum Timing Checks                                                                         ; Off                ;      ;    ;             ;
; Use Fast Timing Models                                                                               ; Off                ;      ;    ;             ;
; Report IO Paths Separately                                                                           ; Off                ;      ;    ;             ;
; Perform Multicorner Analysis                                                                         ; On                 ;      ;    ;             ;
; Reports the worst-case path for each clock domain and analysis                                       ; Off                ;      ;    ;             ;
; Reports worst-case timing paths for each clock domain and analysis                                   ; On                 ;      ;    ;             ;
; Specifies the maximum number of worst-case timing paths to report for each clock domain and analysis ; 100                ;      ;    ;             ;
; Removes common clock path pessimism (CCPP) during slack computation                                  ; Off                ;      ;    ;             ;
; Output I/O Timing Endpoint                                                                           ; Near End           ;      ;    ;             ;
+------------------------------------------------------------------------------------------------------+--------------------+------+----+-------------+


+------------------------------------------------------------------------------------------------------------------------------------------------------------------------------------+
; Clock Settings Summary                                                                                                                                                             ;
+-----------------+--------------------+----------+------------------+---------------+--------------+----------+-----------------------+---------------------+--------+--------------+
; Clock Node Name ; Clock Setting Name ; Type     ; Fmax Requirement ; Early Latency ; Late Latency ; Based on ; Multiply Base Fmax by ; Divide Base Fmax by ; Offset ; Phase offset ;
+-----------------+--------------------+----------+------------------+---------------+--------------+----------+-----------------------+---------------------+--------+--------------+
; CLK             ;                    ; User Pin ; None             ; 0.000 ns      ; 0.000 ns     ; --       ; N/A                   ; N/A                 ; N/A    ;              ;
+-----------------+--------------------+----------+------------------+---------------+--------------+----------+-----------------------+---------------------+--------+--------------+


Parallel compilation was disabled, but you have multiple processors available. Enable parallel compilation to reduce compilation time.
+-------------------------------------+
; Parallel Compilation                ;
+----------------------------+--------+
; Processors                 ; Number ;
+----------------------------+--------+
; Number detected on machine ; 2      ;
; Maximum allowed            ; 1      ;
+----------------------------+--------+


+-----------------------------------------------------------------------------------------------------------------------------------------------------------------------------------------------------------------------------------------------------------------------+
; Clock Setup: 'CLK'                                                                                                                                                                                                                                                    ;
+-----------------------------------------+-----------------------------------------------------+-----------------------------+-----------------------------+------------+----------+-----------------------------+---------------------------+-------------------------+
; Slack                                   ; Actual fmax (period)                                ; From                        ; To                          ; From Clock ; To Clock ; Required Setup Relationship ; Required Longest P2P Time ; Actual Longest P2P Time ;
+-----------------------------------------+-----------------------------------------------------+-----------------------------+-----------------------------+------------+----------+-----------------------------+---------------------------+-------------------------+
; N/A                                     ; 290.28 MHz ( period = 3.445 ns )                    ; 74161:inst1|f74161:sub|9    ; 74160:inst6|7               ; CLK        ; CLK      ; None                        ; None                      ; 3.231 ns                ;
; N/A                                     ; 290.36 MHz ( period = 3.444 ns )                    ; 74161:inst1|f74161:sub|9    ; 74160:inst6|9               ; CLK        ; CLK      ; None                        ; None                      ; 3.230 ns                ;
; N/A                                     ; 290.70 MHz ( period = 3.440 ns )                    ; 74161:inst1|f74161:sub|9    ; 74160:inst3|9               ; CLK        ; CLK      ; None                        ; None                      ; 3.207 ns                ;
; N/A                                     ; 290.78 MHz ( period = 3.439 ns )                    ; 74161:inst1|f74161:sub|9    ; 74160:inst6|8               ; CLK        ; CLK      ; None                        ; None                      ; 3.225 ns                ;
; N/A                                     ; 291.04 MHz ( period = 3.436 ns )                    ; 74161:inst1|f74161:sub|9    ; 74160:inst3|7               ; CLK        ; CLK      ; None                        ; None                      ; 3.203 ns                ;
; N/A                                     ; 291.04 MHz ( period = 3.436 ns )                    ; 74161:inst1|f74161:sub|9    ; 74160:inst3|8               ; CLK        ; CLK      ; None                        ; None                      ; 3.203 ns                ;
; N/A                                     ; 294.20 MHz ( period = 3.399 ns )                    ; 74161:inst1|f74161:sub|99   ; 74160:inst6|7               ; CLK        ; CLK      ; None                        ; None                      ; 3.185 ns                ;
; N/A                                     ; 294.29 MHz ( period = 3.398 ns )                    ; 74161:inst1|f74161:sub|99   ; 74160:inst6|9               ; CLK        ; CLK      ; None                        ; None                      ; 3.184 ns                ;
; N/A                                     ; 294.64 MHz ( period = 3.394 ns )                    ; 74161:inst1|f74161:sub|99   ; 74160:inst3|9               ; CLK        ; CLK      ; None                        ; None                      ; 3.161 ns                ;
; N/A                                     ; 294.72 MHz ( period = 3.393 ns )                    ; 74161:inst1|f74161:sub|99   ; 74160:inst6|8               ; CLK        ; CLK      ; None                        ; None                      ; 3.179 ns                ;
; N/A                                     ; 294.99 MHz ( period = 3.390 ns )                    ; 74161:inst1|f74161:sub|99   ; 74160:inst3|7               ; CLK        ; CLK      ; None                        ; None                      ; 3.157 ns                ;
; N/A                                     ; 294.99 MHz ( period = 3.390 ns )                    ; 74161:inst1|f74161:sub|99   ; 74160:inst3|8               ; CLK        ; CLK      ; None                        ; None                      ; 3.157 ns                ;
; N/A                                     ; 299.04 MHz ( period = 3.344 ns )                    ; 74161:inst|f74161:sub|99    ; 74160:inst6|7               ; CLK        ; CLK      ; None                        ; None                      ; 3.131 ns                ;
; N/A                                     ; 299.13 MHz ( period = 3.343 ns )                    ; 74161:inst|f74161:sub|99    ; 74160:inst6|9               ; CLK        ; CLK      ; None                        ; None                      ; 3.130 ns                ;
; N/A                                     ; 299.49 MHz ( period = 3.339 ns )                    ; 74161:inst|f74161:sub|99    ; 74160:inst3|9               ; CLK        ; CLK      ; None                        ; None                      ; 3.107 ns                ;
; N/A                                     ; 299.58 MHz ( period = 3.338 ns )                    ; 74161:inst|f74161:sub|99    ; 74160:inst6|8               ; CLK        ; CLK      ; None                        ; None                      ; 3.125 ns                ;
; N/A                                     ; 299.85 MHz ( period = 3.335 ns )                    ; 74161:inst|f74161:sub|99    ; 74160:inst3|7               ; CLK        ; CLK      ; None                        ; None                      ; 3.103 ns                ;
; N/A                                     ; 299.85 MHz ( period = 3.335 ns )                    ; 74161:inst|f74161:sub|99    ; 74160:inst3|8               ; CLK        ; CLK      ; None                        ; None                      ; 3.103 ns                ;
; N/A                                     ; 300.30 MHz ( period = 3.330 ns )                    ; 74161:inst1|f74161:sub|110  ; 74160:inst6|7               ; CLK        ; CLK      ; None                        ; None                      ; 3.117 ns                ;
; N/A                                     ; 300.39 MHz ( period = 3.329 ns )                    ; 74161:inst1|f74161:sub|9    ; 74160:inst6|6               ; CLK        ; CLK      ; None                        ; None                      ; 3.107 ns                ;
; N/A                                     ; 300.39 MHz ( period = 3.329 ns )                    ; 74161:inst1|f74161:sub|110  ; 74160:inst6|9               ; CLK        ; CLK      ; None                        ; None                      ; 3.116 ns                ;
; N/A                                     ; 300.57 MHz ( period = 3.327 ns )                    ; 74161:inst1|f74161:sub|9    ; 74160:inst4|7               ; CLK        ; CLK      ; None                        ; None                      ; 3.105 ns                ;
; N/A                                     ; 300.66 MHz ( period = 3.326 ns )                    ; 74161:inst1|f74161:sub|9    ; 74160:inst4|6               ; CLK        ; CLK      ; None                        ; None                      ; 3.104 ns                ;
; N/A                                     ; 300.66 MHz ( period = 3.326 ns )                    ; 74161:inst1|f74161:sub|9    ; 74160:inst4|8               ; CLK        ; CLK      ; None                        ; None                      ; 3.104 ns                ;
; N/A                                     ; 300.75 MHz ( period = 3.325 ns )                    ; 74161:inst1|f74161:sub|110  ; 74160:inst3|9               ; CLK        ; CLK      ; None                        ; None                      ; 3.093 ns                ;
; N/A                                     ; 300.84 MHz ( period = 3.324 ns )                    ; 74161:inst1|f74161:sub|110  ; 74160:inst6|8               ; CLK        ; CLK      ; None                        ; None                      ; 3.111 ns                ;
; N/A                                     ; 301.11 MHz ( period = 3.321 ns )                    ; 74161:inst1|f74161:sub|110  ; 74160:inst3|7               ; CLK        ; CLK      ; None                        ; None                      ; 3.089 ns                ;
; N/A                                     ; 301.11 MHz ( period = 3.321 ns )                    ; 74161:inst1|f74161:sub|110  ; 74160:inst3|8               ; CLK        ; CLK      ; None                        ; None                      ; 3.089 ns                ;
; N/A                                     ; 301.75 MHz ( period = 3.314 ns )                    ; 74161:inst1|f74161:sub|9    ; 74160:inst4|9               ; CLK        ; CLK      ; None                        ; None                      ; 3.100 ns                ;
; N/A                                     ; 302.39 MHz ( period = 3.307 ns )                    ; 74161:inst|f74161:sub|87    ; 74160:inst6|7               ; CLK        ; CLK      ; None                        ; None                      ; 3.093 ns                ;
; N/A                                     ; 302.48 MHz ( period = 3.306 ns )                    ; 74161:inst|f74161:sub|87    ; 74160:inst6|9               ; CLK        ; CLK      ; None                        ; None                      ; 3.092 ns                ;
; N/A                                     ; 302.85 MHz ( period = 3.302 ns )                    ; 74161:inst|f74161:sub|87    ; 74160:inst3|9               ; CLK        ; CLK      ; None                        ; None                      ; 3.069 ns                ;
; N/A                                     ; 302.94 MHz ( period = 3.301 ns )                    ; 74161:inst|f74161:sub|87    ; 74160:inst6|8               ; CLK        ; CLK      ; None                        ; None                      ; 3.087 ns                ;
; N/A                                     ; 303.21 MHz ( period = 3.298 ns )                    ; 74161:inst|f74161:sub|87    ; 74160:inst3|7               ; CLK        ; CLK      ; None                        ; None                      ; 3.065 ns                ;
; N/A                                     ; 303.21 MHz ( period = 3.298 ns )                    ; 74161:inst|f74161:sub|87    ; 74160:inst3|8               ; CLK        ; CLK      ; None                        ; None                      ; 3.065 ns                ;
; N/A                                     ; 303.49 MHz ( period = 3.295 ns )                    ; 74161:inst|f74161:sub|9     ; 74160:inst6|7               ; CLK        ; CLK      ; None                        ; None                      ; 3.081 ns                ;
; N/A                                     ; 303.58 MHz ( period = 3.294 ns )                    ; 74161:inst|f74161:sub|9     ; 74160:inst6|9               ; CLK        ; CLK      ; None                        ; None                      ; 3.080 ns                ;
; N/A                                     ; 303.95 MHz ( period = 3.290 ns )                    ; 74161:inst|f74161:sub|9     ; 74160:inst3|9               ; CLK        ; CLK      ; None                        ; None                      ; 3.057 ns                ;
; N/A                                     ; 304.04 MHz ( period = 3.289 ns )                    ; 74161:inst|f74161:sub|9     ; 74160:inst6|8               ; CLK        ; CLK      ; None                        ; None                      ; 3.075 ns                ;
; N/A                                     ; 304.32 MHz ( period = 3.286 ns )                    ; 74161:inst|f74161:sub|9     ; 74160:inst3|7               ; CLK        ; CLK      ; None                        ; None                      ; 3.053 ns                ;
; N/A                                     ; 304.32 MHz ( period = 3.286 ns )                    ; 74161:inst|f74161:sub|9     ; 74160:inst3|8               ; CLK        ; CLK      ; None                        ; None                      ; 3.053 ns                ;
; N/A                                     ; 304.51 MHz ( period = 3.284 ns )                    ; 74161:inst1|f74161:sub|87   ; 74160:inst6|7               ; CLK        ; CLK      ; None                        ; None                      ; 3.070 ns                ;
; N/A                                     ; 304.60 MHz ( period = 3.283 ns )                    ; 74161:inst1|f74161:sub|99   ; 74160:inst6|6               ; CLK        ; CLK      ; None                        ; None                      ; 3.061 ns                ;
; N/A                                     ; 304.60 MHz ( period = 3.283 ns )                    ; 74161:inst1|f74161:sub|87   ; 74160:inst6|9               ; CLK        ; CLK      ; None                        ; None                      ; 3.069 ns                ;
; N/A                                     ; 304.79 MHz ( period = 3.281 ns )                    ; 74161:inst1|f74161:sub|99   ; 74160:inst4|7               ; CLK        ; CLK      ; None                        ; None                      ; 3.059 ns                ;
; N/A                                     ; 304.88 MHz ( period = 3.280 ns )                    ; 74161:inst1|f74161:sub|99   ; 74160:inst4|6               ; CLK        ; CLK      ; None                        ; None                      ; 3.058 ns                ;
; N/A                                     ; 304.88 MHz ( period = 3.280 ns )                    ; 74161:inst1|f74161:sub|99   ; 74160:inst4|8               ; CLK        ; CLK      ; None                        ; None                      ; 3.058 ns                ;
; N/A                                     ; 304.97 MHz ( period = 3.279 ns )                    ; 74161:inst1|f74161:sub|87   ; 74160:inst3|9               ; CLK        ; CLK      ; None                        ; None                      ; 3.046 ns                ;
; N/A                                     ; 305.06 MHz ( period = 3.278 ns )                    ; 74161:inst1|f74161:sub|87   ; 74160:inst6|8               ; CLK        ; CLK      ; None                        ; None                      ; 3.064 ns                ;
; N/A                                     ; 305.34 MHz ( period = 3.275 ns )                    ; 74161:inst1|f74161:sub|87   ; 74160:inst3|7               ; CLK        ; CLK      ; None                        ; None                      ; 3.042 ns                ;
; N/A                                     ; 305.34 MHz ( period = 3.275 ns )                    ; 74161:inst1|f74161:sub|87   ; 74160:inst3|8               ; CLK        ; CLK      ; None                        ; None                      ; 3.042 ns                ;
; N/A                                     ; 306.00 MHz ( period = 3.268 ns )                    ; 74161:inst1|f74161:sub|99   ; 74160:inst4|9               ; CLK        ; CLK      ; None                        ; None                      ; 3.054 ns                ;
; N/A                                     ; 309.79 MHz ( period = 3.228 ns )                    ; 74161:inst|f74161:sub|99    ; 74160:inst6|6               ; CLK        ; CLK      ; None                        ; None                      ; 3.007 ns                ;
; N/A                                     ; 309.79 MHz ( period = 3.228 ns )                    ; 74161:inst|f74161:sub|110   ; 74160:inst6|7               ; CLK        ; CLK      ; None                        ; None                      ; 3.015 ns                ;
; N/A                                     ; 309.89 MHz ( period = 3.227 ns )                    ; 74161:inst|f74161:sub|110   ; 74160:inst6|9               ; CLK        ; CLK      ; None                        ; None                      ; 3.014 ns                ;
; N/A                                     ; 309.98 MHz ( period = 3.226 ns )                    ; 74161:inst|f74161:sub|99    ; 74160:inst4|7               ; CLK        ; CLK      ; None                        ; None                      ; 3.005 ns                ;
; N/A                                     ; 310.08 MHz ( period = 3.225 ns )                    ; 74161:inst|f74161:sub|99    ; 74160:inst4|6               ; CLK        ; CLK      ; None                        ; None                      ; 3.004 ns                ;
; N/A                                     ; 310.08 MHz ( period = 3.225 ns )                    ; 74161:inst|f74161:sub|99    ; 74160:inst4|8               ; CLK        ; CLK      ; None                        ; None                      ; 3.004 ns                ;
; N/A                                     ; 310.27 MHz ( period = 3.223 ns )                    ; 74161:inst|f74161:sub|110   ; 74160:inst3|9               ; CLK        ; CLK      ; None                        ; None                      ; 2.991 ns                ;
; N/A                                     ; 310.37 MHz ( period = 3.222 ns )                    ; 74161:inst|f74161:sub|110   ; 74160:inst6|8               ; CLK        ; CLK      ; None                        ; None                      ; 3.009 ns                ;
; N/A                                     ; 310.66 MHz ( period = 3.219 ns )                    ; 74161:inst|f74161:sub|110   ; 74160:inst3|7               ; CLK        ; CLK      ; None                        ; None                      ; 2.987 ns                ;
; N/A                                     ; 310.66 MHz ( period = 3.219 ns )                    ; 74161:inst|f74161:sub|110   ; 74160:inst3|8               ; CLK        ; CLK      ; None                        ; None                      ; 2.987 ns                ;
; N/A                                     ; 311.14 MHz ( period = 3.214 ns )                    ; 74161:inst1|f74161:sub|110  ; 74160:inst6|6               ; CLK        ; CLK      ; None                        ; None                      ; 2.993 ns                ;
; N/A                                     ; 311.24 MHz ( period = 3.213 ns )                    ; 74161:inst|f74161:sub|99    ; 74160:inst4|9               ; CLK        ; CLK      ; None                        ; None                      ; 3.000 ns                ;
; N/A                                     ; 311.33 MHz ( period = 3.212 ns )                    ; 74161:inst1|f74161:sub|110  ; 74160:inst4|7               ; CLK        ; CLK      ; None                        ; None                      ; 2.991 ns                ;
; N/A                                     ; 311.43 MHz ( period = 3.211 ns )                    ; 74161:inst1|f74161:sub|110  ; 74160:inst4|6               ; CLK        ; CLK      ; None                        ; None                      ; 2.990 ns                ;
; N/A                                     ; 311.43 MHz ( period = 3.211 ns )                    ; 74161:inst1|f74161:sub|110  ; 74160:inst4|8               ; CLK        ; CLK      ; None                        ; None                      ; 2.990 ns                ;
; N/A                                     ; 312.60 MHz ( period = 3.199 ns )                    ; 74161:inst1|f74161:sub|110  ; 74160:inst4|9               ; CLK        ; CLK      ; None                        ; None                      ; 2.986 ns                ;
; N/A                                     ; 313.38 MHz ( period = 3.191 ns )                    ; 74161:inst|f74161:sub|87    ; 74160:inst6|6               ; CLK        ; CLK      ; None                        ; None                      ; 2.969 ns                ;
; N/A                                     ; 313.58 MHz ( period = 3.189 ns )                    ; 74161:inst|f74161:sub|87    ; 74160:inst4|7               ; CLK        ; CLK      ; None                        ; None                      ; 2.967 ns                ;
; N/A                                     ; 313.68 MHz ( period = 3.188 ns )                    ; 74161:inst|f74161:sub|87    ; 74160:inst4|6               ; CLK        ; CLK      ; None                        ; None                      ; 2.966 ns                ;
; N/A                                     ; 313.68 MHz ( period = 3.188 ns )                    ; 74161:inst|f74161:sub|87    ; 74160:inst4|8               ; CLK        ; CLK      ; None                        ; None                      ; 2.966 ns                ;
; N/A                                     ; 314.56 MHz ( period = 3.179 ns )                    ; 74161:inst|f74161:sub|9     ; 74160:inst6|6               ; CLK        ; CLK      ; None                        ; None                      ; 2.957 ns                ;
; N/A                                     ; 314.76 MHz ( period = 3.177 ns )                    ; 74161:inst|f74161:sub|9     ; 74160:inst4|7               ; CLK        ; CLK      ; None                        ; None                      ; 2.955 ns                ;
; N/A                                     ; 314.86 MHz ( period = 3.176 ns )                    ; 74161:inst|f74161:sub|87    ; 74160:inst4|9               ; CLK        ; CLK      ; None                        ; None                      ; 2.962 ns                ;
; N/A                                     ; 314.86 MHz ( period = 3.176 ns )                    ; 74161:inst|f74161:sub|9     ; 74160:inst4|6               ; CLK        ; CLK      ; None                        ; None                      ; 2.954 ns                ;
; N/A                                     ; 314.86 MHz ( period = 3.176 ns )                    ; 74161:inst|f74161:sub|9     ; 74160:inst4|8               ; CLK        ; CLK      ; None                        ; None                      ; 2.954 ns                ;
; N/A                                     ; 315.66 MHz ( period = 3.168 ns )                    ; 74161:inst1|f74161:sub|87   ; 74160:inst6|6               ; CLK        ; CLK      ; None                        ; None                      ; 2.946 ns                ;
; N/A                                     ; 315.86 MHz ( period = 3.166 ns )                    ; 74161:inst1|f74161:sub|87   ; 74160:inst4|7               ; CLK        ; CLK      ; None                        ; None                      ; 2.944 ns                ;
; N/A                                     ; 315.96 MHz ( period = 3.165 ns )                    ; 74161:inst1|f74161:sub|87   ; 74160:inst4|6               ; CLK        ; CLK      ; None                        ; None                      ; 2.943 ns                ;
; N/A                                     ; 315.96 MHz ( period = 3.165 ns )                    ; 74161:inst1|f74161:sub|87   ; 74160:inst4|8               ; CLK        ; CLK      ; None                        ; None                      ; 2.943 ns                ;
; N/A                                     ; 316.06 MHz ( period = 3.164 ns )                    ; 74161:inst|f74161:sub|9     ; 74160:inst4|9               ; CLK        ; CLK      ; None                        ; None                      ; 2.950 ns                ;
; N/A                                     ; 317.16 MHz ( period = 3.153 ns )                    ; 74161:inst1|f74161:sub|87   ; 74160:inst4|9               ; CLK        ; CLK      ; None                        ; None                      ; 2.939 ns                ;
; N/A                                     ; 317.16 MHz ( period = 3.153 ns )                    ; 74161:inst1|f74161:sub|9    ; 74160:inst3|6               ; CLK        ; CLK      ; None                        ; None                      ; 2.920 ns                ;
; N/A                                     ; 317.26 MHz ( period = 3.152 ns )                    ; 74161:inst1|f74161:sub|9    ; 74160:inst2|9               ; CLK        ; CLK      ; None                        ; None                      ; 2.919 ns                ;
; N/A                                     ; 317.36 MHz ( period = 3.151 ns )                    ; 74161:inst1|f74161:sub|9    ; 74160:inst2|7               ; CLK        ; CLK      ; None                        ; None                      ; 2.918 ns                ;
; N/A                                     ; 317.66 MHz ( period = 3.148 ns )                    ; 74161:inst1|f74161:sub|9    ; 74160:inst2|8               ; CLK        ; CLK      ; None                        ; None                      ; 2.915 ns                ;
; N/A                                     ; 321.34 MHz ( period = 3.112 ns )                    ; 74161:inst|f74161:sub|110   ; 74160:inst6|6               ; CLK        ; CLK      ; None                        ; None                      ; 2.891 ns                ;
; N/A                                     ; 321.54 MHz ( period = 3.110 ns )                    ; 74161:inst|f74161:sub|110   ; 74160:inst4|7               ; CLK        ; CLK      ; None                        ; None                      ; 2.889 ns                ;
; N/A                                     ; 321.65 MHz ( period = 3.109 ns )                    ; 74161:inst|f74161:sub|110   ; 74160:inst4|6               ; CLK        ; CLK      ; None                        ; None                      ; 2.888 ns                ;
; N/A                                     ; 321.65 MHz ( period = 3.109 ns )                    ; 74161:inst|f74161:sub|110   ; 74160:inst4|8               ; CLK        ; CLK      ; None                        ; None                      ; 2.888 ns                ;
; N/A                                     ; 321.85 MHz ( period = 3.107 ns )                    ; 74161:inst1|f74161:sub|99   ; 74160:inst3|6               ; CLK        ; CLK      ; None                        ; None                      ; 2.874 ns                ;
; N/A                                     ; 321.96 MHz ( period = 3.106 ns )                    ; 74161:inst1|f74161:sub|99   ; 74160:inst2|9               ; CLK        ; CLK      ; None                        ; None                      ; 2.873 ns                ;
; N/A                                     ; 322.06 MHz ( period = 3.105 ns )                    ; 74161:inst1|f74161:sub|99   ; 74160:inst2|7               ; CLK        ; CLK      ; None                        ; None                      ; 2.872 ns                ;
; N/A                                     ; 322.16 MHz ( period = 3.104 ns )                    ; 74161:inst14|f74161:sub|110 ; 74160:inst6|7               ; CLK        ; CLK      ; None                        ; None                      ; 2.897 ns                ;
; N/A                                     ; 322.27 MHz ( period = 3.103 ns )                    ; 74161:inst14|f74161:sub|110 ; 74160:inst6|9               ; CLK        ; CLK      ; None                        ; None                      ; 2.896 ns                ;
; N/A                                     ; 322.37 MHz ( period = 3.102 ns )                    ; 74161:inst1|f74161:sub|99   ; 74160:inst2|8               ; CLK        ; CLK      ; None                        ; None                      ; 2.869 ns                ;
; N/A                                     ; 322.68 MHz ( period = 3.099 ns )                    ; 74161:inst14|f74161:sub|110 ; 74160:inst3|9               ; CLK        ; CLK      ; None                        ; None                      ; 2.873 ns                ;
; N/A                                     ; 322.79 MHz ( period = 3.098 ns )                    ; 74161:inst14|f74161:sub|110 ; 74160:inst6|8               ; CLK        ; CLK      ; None                        ; None                      ; 2.891 ns                ;
; N/A                                     ; 322.89 MHz ( period = 3.097 ns )                    ; 74161:inst|f74161:sub|110   ; 74160:inst4|9               ; CLK        ; CLK      ; None                        ; None                      ; 2.884 ns                ;
; N/A                                     ; 323.10 MHz ( period = 3.095 ns )                    ; 74161:inst14|f74161:sub|110 ; 74160:inst3|7               ; CLK        ; CLK      ; None                        ; None                      ; 2.869 ns                ;
; N/A                                     ; 323.10 MHz ( period = 3.095 ns )                    ; 74161:inst14|f74161:sub|110 ; 74160:inst3|8               ; CLK        ; CLK      ; None                        ; None                      ; 2.869 ns                ;
; N/A                                     ; 324.15 MHz ( period = 3.085 ns )                    ; 74161:inst14|f74161:sub|87  ; 74160:inst6|7               ; CLK        ; CLK      ; None                        ; None                      ; 2.872 ns                ;
; N/A                                     ; 324.25 MHz ( period = 3.084 ns )                    ; 74161:inst14|f74161:sub|87  ; 74160:inst6|9               ; CLK        ; CLK      ; None                        ; None                      ; 2.871 ns                ;
; N/A                                     ; 324.68 MHz ( period = 3.080 ns )                    ; 74161:inst14|f74161:sub|87  ; 74160:inst3|9               ; CLK        ; CLK      ; None                        ; None                      ; 2.848 ns                ;
; N/A                                     ; 324.78 MHz ( period = 3.079 ns )                    ; 74161:inst14|f74161:sub|87  ; 74160:inst6|8               ; CLK        ; CLK      ; None                        ; None                      ; 2.866 ns                ;
; N/A                                     ; 325.10 MHz ( period = 3.076 ns )                    ; 74161:inst14|f74161:sub|87  ; 74160:inst3|7               ; CLK        ; CLK      ; None                        ; None                      ; 2.844 ns                ;
; N/A                                     ; 325.10 MHz ( period = 3.076 ns )                    ; 74161:inst14|f74161:sub|87  ; 74160:inst3|8               ; CLK        ; CLK      ; None                        ; None                      ; 2.844 ns                ;
; N/A                                     ; 325.41 MHz ( period = 3.073 ns )                    ; 74161:inst14|f74161:sub|99  ; 74160:inst6|7               ; CLK        ; CLK      ; None                        ; None                      ; 2.866 ns                ;
; N/A                                     ; 325.52 MHz ( period = 3.072 ns )                    ; 74161:inst14|f74161:sub|99  ; 74160:inst6|9               ; CLK        ; CLK      ; None                        ; None                      ; 2.865 ns                ;
; N/A                                     ; 325.95 MHz ( period = 3.068 ns )                    ; 74161:inst14|f74161:sub|99  ; 74160:inst3|9               ; CLK        ; CLK      ; None                        ; None                      ; 2.842 ns                ;
; N/A                                     ; 326.05 MHz ( period = 3.067 ns )                    ; 74161:inst14|f74161:sub|99  ; 74160:inst6|8               ; CLK        ; CLK      ; None                        ; None                      ; 2.860 ns                ;
; N/A                                     ; 326.37 MHz ( period = 3.064 ns )                    ; 74161:inst14|f74161:sub|99  ; 74160:inst3|7               ; CLK        ; CLK      ; None                        ; None                      ; 2.838 ns                ;
; N/A                                     ; 326.37 MHz ( period = 3.064 ns )                    ; 74161:inst14|f74161:sub|99  ; 74160:inst3|8               ; CLK        ; CLK      ; None                        ; None                      ; 2.838 ns                ;
; N/A                                     ; 327.65 MHz ( period = 3.052 ns )                    ; 74161:inst|f74161:sub|99    ; 74160:inst3|6               ; CLK        ; CLK      ; None                        ; None                      ; 2.820 ns                ;
; N/A                                     ; 327.76 MHz ( period = 3.051 ns )                    ; 74161:inst|f74161:sub|99    ; 74160:inst2|9               ; CLK        ; CLK      ; None                        ; None                      ; 2.819 ns                ;
; N/A                                     ; 327.87 MHz ( period = 3.050 ns )                    ; 74161:inst|f74161:sub|99    ; 74160:inst2|7               ; CLK        ; CLK      ; None                        ; None                      ; 2.818 ns                ;
; N/A                                     ; 328.19 MHz ( period = 3.047 ns )                    ; 74161:inst|f74161:sub|99    ; 74160:inst2|8               ; CLK        ; CLK      ; None                        ; None                      ; 2.815 ns                ;
; N/A                                     ; 329.16 MHz ( period = 3.038 ns )                    ; 74161:inst14|f74161:sub|9   ; 74160:inst6|7               ; CLK        ; CLK      ; None                        ; None                      ; 2.825 ns                ;
; N/A                                     ; 329.16 MHz ( period = 3.038 ns )                    ; 74161:inst1|f74161:sub|110  ; 74160:inst3|6               ; CLK        ; CLK      ; None                        ; None                      ; 2.806 ns                ;
; N/A                                     ; 329.27 MHz ( period = 3.037 ns )                    ; 74161:inst14|f74161:sub|9   ; 74160:inst6|9               ; CLK        ; CLK      ; None                        ; None                      ; 2.824 ns                ;
; N/A                                     ; 329.27 MHz ( period = 3.037 ns )                    ; 74161:inst1|f74161:sub|110  ; 74160:inst2|9               ; CLK        ; CLK      ; None                        ; None                      ; 2.805 ns                ;
; N/A                                     ; 329.38 MHz ( period = 3.036 ns )                    ; 74161:inst1|f74161:sub|110  ; 74160:inst2|7               ; CLK        ; CLK      ; None                        ; None                      ; 2.804 ns                ;
; N/A                                     ; 329.71 MHz ( period = 3.033 ns )                    ; 74161:inst14|f74161:sub|9   ; 74160:inst3|9               ; CLK        ; CLK      ; None                        ; None                      ; 2.801 ns                ;
; N/A                                     ; 329.71 MHz ( period = 3.033 ns )                    ; 74161:inst1|f74161:sub|110  ; 74160:inst2|8               ; CLK        ; CLK      ; None                        ; None                      ; 2.801 ns                ;
; N/A                                     ; 329.82 MHz ( period = 3.032 ns )                    ; 74161:inst14|f74161:sub|9   ; 74160:inst6|8               ; CLK        ; CLK      ; None                        ; None                      ; 2.819 ns                ;
; N/A                                     ; 330.14 MHz ( period = 3.029 ns )                    ; 74161:inst14|f74161:sub|9   ; 74160:inst3|7               ; CLK        ; CLK      ; None                        ; None                      ; 2.797 ns                ;
; N/A                                     ; 330.14 MHz ( period = 3.029 ns )                    ; 74161:inst14|f74161:sub|9   ; 74160:inst3|8               ; CLK        ; CLK      ; None                        ; None                      ; 2.797 ns                ;
; N/A                                     ; 331.67 MHz ( period = 3.015 ns )                    ; 74161:inst|f74161:sub|87    ; 74160:inst3|6               ; CLK        ; CLK      ; None                        ; None                      ; 2.782 ns                ;
; N/A                                     ; 331.79 MHz ( period = 3.014 ns )                    ; 74161:inst|f74161:sub|87    ; 74160:inst2|9               ; CLK        ; CLK      ; None                        ; None                      ; 2.781 ns                ;
; N/A                                     ; 331.90 MHz ( period = 3.013 ns )                    ; 74161:inst|f74161:sub|87    ; 74160:inst2|7               ; CLK        ; CLK      ; None                        ; None                      ; 2.780 ns                ;
; N/A                                     ; 332.23 MHz ( period = 3.010 ns )                    ; 74161:inst|f74161:sub|87    ; 74160:inst2|8               ; CLK        ; CLK      ; None                        ; None                      ; 2.777 ns                ;
; N/A                                     ; 333.00 MHz ( period = 3.003 ns )                    ; 74161:inst|f74161:sub|9     ; 74160:inst3|6               ; CLK        ; CLK      ; None                        ; None                      ; 2.770 ns                ;
; N/A                                     ; 333.11 MHz ( period = 3.002 ns )                    ; 74161:inst|f74161:sub|9     ; 74160:inst2|9               ; CLK        ; CLK      ; None                        ; None                      ; 2.769 ns                ;
; N/A                                     ; 333.22 MHz ( period = 3.001 ns )                    ; 74161:inst|f74161:sub|9     ; 74160:inst2|7               ; CLK        ; CLK      ; None                        ; None                      ; 2.768 ns                ;
; N/A                                     ; 333.56 MHz ( period = 2.998 ns )                    ; 74161:inst|f74161:sub|9     ; 74160:inst2|8               ; CLK        ; CLK      ; None                        ; None                      ; 2.765 ns                ;
; N/A                                     ; 334.22 MHz ( period = 2.992 ns )                    ; 74161:inst1|f74161:sub|87   ; 74160:inst3|6               ; CLK        ; CLK      ; None                        ; None                      ; 2.759 ns                ;
; N/A                                     ; 334.34 MHz ( period = 2.991 ns )                    ; 74161:inst1|f74161:sub|87   ; 74160:inst2|9               ; CLK        ; CLK      ; None                        ; None                      ; 2.758 ns                ;
; N/A                                     ; 334.45 MHz ( period = 2.990 ns )                    ; 74161:inst1|f74161:sub|87   ; 74160:inst2|7               ; CLK        ; CLK      ; None                        ; None                      ; 2.757 ns                ;
; N/A                                     ; 334.67 MHz ( period = 2.988 ns )                    ; 74161:inst14|f74161:sub|110 ; 74160:inst6|6               ; CLK        ; CLK      ; None                        ; None                      ; 2.773 ns                ;
; N/A                                     ; 334.78 MHz ( period = 2.987 ns )                    ; 74161:inst1|f74161:sub|87   ; 74160:inst2|8               ; CLK        ; CLK      ; None                        ; None                      ; 2.754 ns                ;
; N/A                                     ; 334.90 MHz ( period = 2.986 ns )                    ; 74161:inst14|f74161:sub|110 ; 74160:inst4|7               ; CLK        ; CLK      ; None                        ; None                      ; 2.771 ns                ;
; N/A                                     ; 335.01 MHz ( period = 2.985 ns )                    ; 74161:inst14|f74161:sub|110 ; 74160:inst4|6               ; CLK        ; CLK      ; None                        ; None                      ; 2.770 ns                ;
; N/A                                     ; 335.01 MHz ( period = 2.985 ns )                    ; 74161:inst14|f74161:sub|110 ; 74160:inst4|8               ; CLK        ; CLK      ; None                        ; None                      ; 2.770 ns                ;
; N/A                                     ; 336.36 MHz ( period = 2.973 ns )                    ; 74161:inst14|f74161:sub|110 ; 74160:inst4|9               ; CLK        ; CLK      ; None                        ; None                      ; 2.766 ns                ;
; N/A                                     ; 336.81 MHz ( period = 2.969 ns )                    ; 74161:inst14|f74161:sub|87  ; 74160:inst6|6               ; CLK        ; CLK      ; None                        ; None                      ; 2.748 ns                ;
; N/A                                     ; 337.04 MHz ( period = 2.967 ns )                    ; 74161:inst14|f74161:sub|87  ; 74160:inst4|7               ; CLK        ; CLK      ; None                        ; None                      ; 2.746 ns                ;
; N/A                                     ; 337.15 MHz ( period = 2.966 ns )                    ; 74161:inst14|f74161:sub|87  ; 74160:inst4|6               ; CLK        ; CLK      ; None                        ; None                      ; 2.745 ns                ;
; N/A                                     ; 337.15 MHz ( period = 2.966 ns )                    ; 74161:inst14|f74161:sub|87  ; 74160:inst4|8               ; CLK        ; CLK      ; None                        ; None                      ; 2.745 ns                ;
; N/A                                     ; 337.84 MHz ( period = 2.960 ns )                    ; 74160:inst2|6               ; 74160:inst6|7               ; CLK        ; CLK      ; None                        ; None                      ; 2.753 ns                ;
; N/A                                     ; 337.95 MHz ( period = 2.959 ns )                    ; 74160:inst2|6               ; 74160:inst6|9               ; CLK        ; CLK      ; None                        ; None                      ; 2.752 ns                ;
; N/A                                     ; 338.18 MHz ( period = 2.957 ns )                    ; 74161:inst14|f74161:sub|99  ; 74160:inst6|6               ; CLK        ; CLK      ; None                        ; None                      ; 2.742 ns                ;
; N/A                                     ; 338.41 MHz ( period = 2.955 ns )                    ; 74160:inst2|6               ; 74160:inst3|9               ; CLK        ; CLK      ; None                        ; None                      ; 2.729 ns                ;
; N/A                                     ; 338.41 MHz ( period = 2.955 ns )                    ; 74161:inst14|f74161:sub|99  ; 74160:inst4|7               ; CLK        ; CLK      ; None                        ; None                      ; 2.740 ns                ;
; N/A                                     ; 338.52 MHz ( period = 2.954 ns )                    ; 74160:inst2|6               ; 74160:inst6|8               ; CLK        ; CLK      ; None                        ; None                      ; 2.747 ns                ;
; N/A                                     ; 338.52 MHz ( period = 2.954 ns )                    ; 74161:inst14|f74161:sub|87  ; 74160:inst4|9               ; CLK        ; CLK      ; None                        ; None                      ; 2.741 ns                ;
; N/A                                     ; 338.52 MHz ( period = 2.954 ns )                    ; 74161:inst14|f74161:sub|99  ; 74160:inst4|6               ; CLK        ; CLK      ; None                        ; None                      ; 2.739 ns                ;
; N/A                                     ; 338.52 MHz ( period = 2.954 ns )                    ; 74161:inst14|f74161:sub|99  ; 74160:inst4|8               ; CLK        ; CLK      ; None                        ; None                      ; 2.739 ns                ;
; N/A                                     ; 338.87 MHz ( period = 2.951 ns )                    ; 74160:inst2|6               ; 74160:inst3|7               ; CLK        ; CLK      ; None                        ; None                      ; 2.725 ns                ;
; N/A                                     ; 338.87 MHz ( period = 2.951 ns )                    ; 74160:inst2|6               ; 74160:inst3|8               ; CLK        ; CLK      ; None                        ; None                      ; 2.725 ns                ;
; N/A                                     ; 339.90 MHz ( period = 2.942 ns )                    ; 74161:inst14|f74161:sub|99  ; 74160:inst4|9               ; CLK        ; CLK      ; None                        ; None                      ; 2.735 ns                ;
; N/A                                     ; 340.60 MHz ( period = 2.936 ns )                    ; 74161:inst|f74161:sub|110   ; 74160:inst3|6               ; CLK        ; CLK      ; None                        ; None                      ; 2.704 ns                ;
; N/A                                     ; 340.72 MHz ( period = 2.935 ns )                    ; 74161:inst|f74161:sub|110   ; 74160:inst2|9               ; CLK        ; CLK      ; None                        ; None                      ; 2.703 ns                ;
; N/A                                     ; 340.83 MHz ( period = 2.934 ns )                    ; 74161:inst|f74161:sub|110   ; 74160:inst2|7               ; CLK        ; CLK      ; None                        ; None                      ; 2.702 ns                ;
; N/A                                     ; 341.18 MHz ( period = 2.931 ns )                    ; 74161:inst|f74161:sub|110   ; 74160:inst2|8               ; CLK        ; CLK      ; None                        ; None                      ; 2.699 ns                ;
; N/A                                     ; 342.23 MHz ( period = 2.922 ns )                    ; 74161:inst14|f74161:sub|9   ; 74160:inst6|6               ; CLK        ; CLK      ; None                        ; None                      ; 2.701 ns                ;
; N/A                                     ; 342.47 MHz ( period = 2.920 ns )                    ; 74161:inst14|f74161:sub|9   ; 74160:inst4|7               ; CLK        ; CLK      ; None                        ; None                      ; 2.699 ns                ;
; N/A                                     ; 342.58 MHz ( period = 2.919 ns )                    ; 74161:inst14|f74161:sub|9   ; 74160:inst4|6               ; CLK        ; CLK      ; None                        ; None                      ; 2.698 ns                ;
; N/A                                     ; 342.58 MHz ( period = 2.919 ns )                    ; 74161:inst14|f74161:sub|9   ; 74160:inst4|8               ; CLK        ; CLK      ; None                        ; None                      ; 2.698 ns                ;
; N/A                                     ; 344.00 MHz ( period = 2.907 ns )                    ; 74161:inst14|f74161:sub|9   ; 74160:inst4|9               ; CLK        ; CLK      ; None                        ; None                      ; 2.694 ns                ;
; N/A                                     ; 351.62 MHz ( period = 2.844 ns )                    ; 74160:inst2|6               ; 74160:inst6|6               ; CLK        ; CLK      ; None                        ; None                      ; 2.629 ns                ;
; N/A                                     ; 351.86 MHz ( period = 2.842 ns )                    ; 74160:inst2|6               ; 74160:inst4|7               ; CLK        ; CLK      ; None                        ; None                      ; 2.627 ns                ;
; N/A                                     ; 351.99 MHz ( period = 2.841 ns )                    ; 74160:inst2|6               ; 74160:inst4|6               ; CLK        ; CLK      ; None                        ; None                      ; 2.626 ns                ;
; N/A                                     ; 351.99 MHz ( period = 2.841 ns )                    ; 74160:inst2|6               ; 74160:inst4|8               ; CLK        ; CLK      ; None                        ; None                      ; 2.626 ns                ;
; N/A                                     ; 353.48 MHz ( period = 2.829 ns )                    ; 74160:inst2|6               ; 74160:inst4|9               ; CLK        ; CLK      ; None                        ; None                      ; 2.622 ns                ;
; N/A                                     ; 355.62 MHz ( period = 2.812 ns )                    ; 74161:inst14|f74161:sub|110 ; 74160:inst3|6               ; CLK        ; CLK      ; None                        ; None                      ; 2.586 ns                ;
; N/A                                     ; 355.75 MHz ( period = 2.811 ns )                    ; 74161:inst14|f74161:sub|110 ; 74160:inst2|9               ; CLK        ; CLK      ; None                        ; None                      ; 2.585 ns                ;
; N/A                                     ; 355.87 MHz ( period = 2.810 ns )                    ; 74161:inst14|f74161:sub|110 ; 74160:inst2|7               ; CLK        ; CLK      ; None                        ; None                      ; 2.584 ns                ;
; N/A                                     ; 356.25 MHz ( period = 2.807 ns )                    ; 74161:inst14|f74161:sub|110 ; 74160:inst2|8               ; CLK        ; CLK      ; None                        ; None                      ; 2.581 ns                ;
; N/A                                     ; 358.04 MHz ( period = 2.793 ns )                    ; 74161:inst14|f74161:sub|87  ; 74160:inst3|6               ; CLK        ; CLK      ; None                        ; None                      ; 2.561 ns                ;
; N/A                                     ; 358.17 MHz ( period = 2.792 ns )                    ; 74161:inst14|f74161:sub|87  ; 74160:inst2|9               ; CLK        ; CLK      ; None                        ; None                      ; 2.560 ns                ;
; N/A                                     ; 358.29 MHz ( period = 2.791 ns )                    ; 74161:inst14|f74161:sub|87  ; 74160:inst2|7               ; CLK        ; CLK      ; None                        ; None                      ; 2.559 ns                ;
; N/A                                     ; 358.68 MHz ( period = 2.788 ns )                    ; 74161:inst14|f74161:sub|87  ; 74160:inst2|8               ; CLK        ; CLK      ; None                        ; None                      ; 2.556 ns                ;
; N/A                                     ; 359.58 MHz ( period = 2.781 ns )                    ; 74161:inst14|f74161:sub|99  ; 74160:inst3|6               ; CLK        ; CLK      ; None                        ; None                      ; 2.555 ns                ;
; N/A                                     ; 359.71 MHz ( period = 2.780 ns )                    ; 74161:inst14|f74161:sub|99  ; 74160:inst2|9               ; CLK        ; CLK      ; None                        ; None                      ; 2.554 ns                ;
; N/A                                     ; 359.84 MHz ( period = 2.779 ns )                    ; 74161:inst14|f74161:sub|99  ; 74160:inst2|7               ; CLK        ; CLK      ; None                        ; None                      ; 2.553 ns                ;
; N/A                                     ; 360.23 MHz ( period = 2.776 ns )                    ; 74161:inst14|f74161:sub|99  ; 74160:inst2|8               ; CLK        ; CLK      ; None                        ; None                      ; 2.550 ns                ;
; N/A                                     ; 364.17 MHz ( period = 2.746 ns )                    ; 74161:inst14|f74161:sub|9   ; 74160:inst3|6               ; CLK        ; CLK      ; None                        ; None                      ; 2.514 ns                ;
; N/A                                     ; 364.30 MHz ( period = 2.745 ns )                    ; 74161:inst14|f74161:sub|9   ; 74160:inst2|9               ; CLK        ; CLK      ; None                        ; None                      ; 2.513 ns                ;
; N/A                                     ; 364.43 MHz ( period = 2.744 ns )                    ; 74161:inst14|f74161:sub|9   ; 74160:inst2|7               ; CLK        ; CLK      ; None                        ; None                      ; 2.512 ns                ;
; N/A                                     ; 364.83 MHz ( period = 2.741 ns )                    ; 74161:inst14|f74161:sub|9   ; 74160:inst2|8               ; CLK        ; CLK      ; None                        ; None                      ; 2.509 ns                ;
; N/A                                     ; 374.81 MHz ( period = 2.668 ns )                    ; 74160:inst2|6               ; 74160:inst3|6               ; CLK        ; CLK      ; None                        ; None                      ; 2.442 ns                ;
; N/A                                     ; 374.95 MHz ( period = 2.667 ns )                    ; 74160:inst2|6               ; 74160:inst2|9               ; CLK        ; CLK      ; None                        ; None                      ; 2.441 ns                ;
; N/A                                     ; 375.09 MHz ( period = 2.666 ns )                    ; 74160:inst2|6               ; 74160:inst2|7               ; CLK        ; CLK      ; None                        ; None                      ; 2.440 ns                ;
; N/A                                     ; 375.52 MHz ( period = 2.663 ns )                    ; 74160:inst2|6               ; 74160:inst2|8               ; CLK        ; CLK      ; None                        ; None                      ; 2.437 ns                ;
; N/A                                     ; 376.65 MHz ( period = 2.655 ns )                    ; 74161:inst1|f74161:sub|9    ; 74161:inst14|f74161:sub|110 ; CLK        ; CLK      ; None                        ; None                      ; 2.434 ns                ;
; N/A                                     ; 377.07 MHz ( period = 2.652 ns )                    ; 74161:inst1|f74161:sub|9    ; 74161:inst14|f74161:sub|99  ; CLK        ; CLK      ; None                        ; None                      ; 2.431 ns                ;
; N/A                                     ; 377.07 MHz ( period = 2.652 ns )                    ; 74161:inst1|f74161:sub|9    ; 74160:inst2|6               ; CLK        ; CLK      ; None                        ; None                      ; 2.431 ns                ;
; N/A                                     ; 383.29 MHz ( period = 2.609 ns )                    ; 74161:inst1|f74161:sub|99   ; 74161:inst14|f74161:sub|110 ; CLK        ; CLK      ; None                        ; None                      ; 2.388 ns                ;
; N/A                                     ; 383.73 MHz ( period = 2.606 ns )                    ; 74161:inst1|f74161:sub|99   ; 74161:inst14|f74161:sub|99  ; CLK        ; CLK      ; None                        ; None                      ; 2.385 ns                ;
; Timing analysis restricted to 200 rows. ; To change the limit use Settings (Assignments menu) ;                             ;                             ;            ;          ;                             ;                           ;                         ;
+-----------------------------------------+-----------------------------------------------------+-----------------------------+-----------------------------+------------+----------+-----------------------------+---------------------------+-------------------------+


+----------------------------------------------------------------------+
; tco                                                                  ;
+-------+--------------+------------+---------------+-----+------------+
; Slack ; Required tco ; Actual tco ; From          ; To  ; From Clock ;
+-------+--------------+------------+---------------+-----+------------+
; N/A   ; None         ; 11.128 ns  ; 74160:inst6|9 ; OUT ; CLK        ;
; N/A   ; None         ; 11.024 ns  ; 74160:inst6|7 ; OUT ; CLK        ;
; N/A   ; None         ; 11.008 ns  ; 74160:inst6|8 ; OUT ; CLK        ;
; N/A   ; None         ; 10.826 ns  ; 74160:inst6|6 ; OUT ; CLK        ;
+-------+--------------+------------+---------------+-----+------------+


+--------------------------+
; Timing Analyzer Messages ;
+--------------------------+
Info: *******************************************************************
Info: Running Quartus II Classic Timing Analyzer
    Info: Version 9.1 Build 350 03/24/2010 Service Pack 2 SJ Web Edition
    Info: Processing started: Fri Feb 23 15:13:51 2024
Info: Command: quartus_tan --read_settings_files=off --write_settings_files=off temporizador -c temporizador --timing_analysis_only
Warning: Timing Analysis is analyzing one or more combinational loops as latches
    Warning: Node "inst11~latch" is a latch
Warning: Found pins functioning as undefined clocks and/or memory enables
    Info: Assuming node "CLK" is an undefined clock
Info: Clock "CLK" has Internal fmax of 290.28 MHz between source register "74161:inst1|f74161:sub|9" and destination register "74160:inst6|7" (period= 3.445 ns)
    Info: + Longest register to register delay is 3.231 ns
        Info: 1: + IC(0.000 ns) + CELL(0.000 ns) = 0.000 ns; Loc. = LCFF_X43_Y29_N11; Fanout = 5; REG Node = '74161:inst1|f74161:sub|9'
        Info: 2: + IC(0.347 ns) + CELL(0.410 ns) = 0.757 ns; Loc. = LCCOMB_X43_Y29_N4; Fanout = 1; COMB Node = '74161:inst14|f74161:sub|84~0'
        Info: 3: + IC(0.258 ns) + CELL(0.275 ns) = 1.290 ns; Loc. = LCCOMB_X43_Y29_N22; Fanout = 4; COMB Node = '74161:inst14|f74161:sub|84'
        Info: 4: + IC(0.262 ns) + CELL(0.150 ns) = 1.702 ns; Loc. = LCCOMB_X43_Y29_N0; Fanout = 6; COMB Node = '74160:inst2|45~0'
        Info: 5: + IC(0.260 ns) + CELL(0.150 ns) = 2.112 ns; Loc. = LCCOMB_X43_Y29_N26; Fanout = 7; COMB Node = '74160:inst3|45'
        Info: 6: + IC(0.269 ns) + CELL(0.150 ns) = 2.531 ns; Loc. = LCCOMB_X43_Y29_N20; Fanout = 3; COMB Node = '74160:inst6|50~0'
        Info: 7: + IC(0.466 ns) + CELL(0.150 ns) = 3.147 ns; Loc. = LCCOMB_X43_Y29_N2; Fanout = 1; COMB Node = '74160:inst6|7~0'
        Info: 8: + IC(0.000 ns) + CELL(0.084 ns) = 3.231 ns; Loc. = LCFF_X43_Y29_N3; Fanout = 5; REG Node = '74160:inst6|7'
        Info: Total cell delay = 1.369 ns ( 42.37 % )
        Info: Total interconnect delay = 1.862 ns ( 57.63 % )
    Info: - Smallest clock skew is 0.000 ns
        Info: + Shortest clock path from clock "CLK" to destination register is 2.662 ns
            Info: 1: + IC(0.000 ns) + CELL(0.999 ns) = 0.999 ns; Loc. = PIN_N2; Fanout = 1; CLK Node = 'CLK'
            Info: 2: + IC(0.118 ns) + CELL(0.000 ns) = 1.117 ns; Loc. = CLKCTRL_G2; Fanout = 28; COMB Node = 'CLK~clkctrl'
            Info: 3: + IC(1.008 ns) + CELL(0.537 ns) = 2.662 ns; Loc. = LCFF_X43_Y29_N3; Fanout = 5; REG Node = '74160:inst6|7'
            Info: Total cell delay = 1.536 ns ( 57.70 % )
            Info: Total interconnect delay = 1.126 ns ( 42.30 % )
        Info: - Longest clock path from clock "CLK" to source register is 2.662 ns
            Info: 1: + IC(0.000 ns) + CELL(0.999 ns) = 0.999 ns; Loc. = PIN_N2; Fanout = 1; CLK Node = 'CLK'
            Info: 2: + IC(0.118 ns) + CELL(0.000 ns) = 1.117 ns; Loc. = CLKCTRL_G2; Fanout = 28; COMB Node = 'CLK~clkctrl'
            Info: 3: + IC(1.008 ns) + CELL(0.537 ns) = 2.662 ns; Loc. = LCFF_X43_Y29_N11; Fanout = 5; REG Node = '74161:inst1|f74161:sub|9'
            Info: Total cell delay = 1.536 ns ( 57.70 % )
            Info: Total interconnect delay = 1.126 ns ( 42.30 % )
    Info: + Micro clock to output delay of source is 0.250 ns
    Info: + Micro setup delay of destination is -0.036 ns
Info: tco from clock "CLK" to destination pin "OUT" through register "74160:inst6|9" is 11.128 ns
    Info: + Longest clock path from clock "CLK" to source register is 2.662 ns
        Info: 1: + IC(0.000 ns) + CELL(0.999 ns) = 0.999 ns; Loc. = PIN_N2; Fanout = 1; CLK Node = 'CLK'
        Info: 2: + IC(0.118 ns) + CELL(0.000 ns) = 1.117 ns; Loc. = CLKCTRL_G2; Fanout = 28; COMB Node = 'CLK~clkctrl'
        Info: 3: + IC(1.008 ns) + CELL(0.537 ns) = 2.662 ns; Loc. = LCFF_X43_Y29_N13; Fanout = 4; REG Node = '74160:inst6|9'
        Info: Total cell delay = 1.536 ns ( 57.70 % )
        Info: Total interconnect delay = 1.126 ns ( 42.30 % )
    Info: + Micro clock to output delay of source is 0.250 ns
    Info: + Longest register to pin delay is 8.216 ns
        Info: 1: + IC(0.000 ns) + CELL(0.000 ns) = 0.000 ns; Loc. = LCFF_X43_Y29_N13; Fanout = 4; REG Node = '74160:inst6|9'
        Info: 2: + IC(0.761 ns) + CELL(0.275 ns) = 1.036 ns; Loc. = LCCOMB_X43_Y28_N6; Fanout = 2; COMB Node = 'inst8~0'
        Info: 3: + IC(0.273 ns) + CELL(0.398 ns) = 1.707 ns; Loc. = LCCOMB_X43_Y28_N24; Fanout = 1; COMB Node = 'inst11~head_lut'
        Info: 4: + IC(3.701 ns) + CELL(2.808 ns) = 8.216 ns; Loc. = PIN_AE22; Fanout = 0; PIN Node = 'OUT'
        Info: Total cell delay = 3.481 ns ( 42.37 % )
        Info: Total interconnect delay = 4.735 ns ( 57.63 % )
Info: Quartus II Classic Timing Analyzer was successful. 0 errors, 3 warnings
    Info: Peak virtual memory: 169 megabytes
    Info: Processing ended: Fri Feb 23 15:13:55 2024
    Info: Elapsed time: 00:00:04
    Info: Total CPU time (on all processors): 00:00:01


