Classic Timing Analyzer report for Conversor
Fri Feb 23 13:33:10 2024
Quartus II Version 9.1 Build 350 03/24/2010 Service Pack 2 SJ Web Edition


---------------------
; Table of Contents ;
---------------------
  1. Legal Notice
  2. Timing Analyzer Summary
  3. Timing Analyzer Settings
  4. Parallel Compilation
  5. tpd
  6. Timing Analyzer Messages



----------------
; Legal Notice ;
----------------
Copyright (C) 1991-2010 Altera Corporation
Your use of Altera Corporation's design tools, logic functions 
and other software and tools, and its AMPP partner logic 
functions, and any output files from any of the foregoing 
(including device programming or simulation files), and any 
associated documentation or information are expressly subject 
to the terms and conditions of the Altera Program License 
Subscription Agreement, Altera MegaCore Function License 
Agreement, or other applicable license agreement, including, 
without limitation, that your use is for the sole purpose of 
programming logic devices manufactured by Altera and sold by 
Altera or its authorized distributors.  Please refer to the 
applicable agreement for further details.



+-----------------------------------------------------------------------------------------------------------------------+
; Timing Analyzer Summary                                                                                               ;
+------------------------------+-------+---------------+-------------+------+----+------------+----------+--------------+
; Type                         ; Slack ; Required Time ; Actual Time ; From ; To ; From Clock ; To Clock ; Failed Paths ;
+------------------------------+-------+---------------+-------------+------+----+------------+----------+--------------+
; Worst-case tpd               ; N/A   ; None          ; 7.304 ns    ; IN1  ; A  ; --         ; --       ; 0            ;
; Total number of failed paths ;       ;               ;             ;      ;    ;            ;          ; 0            ;
+------------------------------+-------+---------------+-------------+------+----+------------+----------+--------------+


+-----------------------------------------------------------------------------------------------------------------------------------------------------+
; Timing Analyzer Settings                                                                                                                            ;
+------------------------------------------------------------------------------------------------------+--------------------+------+----+-------------+
; Option                                                                                               ; Setting            ; From ; To ; Entity Name ;
+------------------------------------------------------------------------------------------------------+--------------------+------+----+-------------+
; Device Name                                                                                          ; EP2C35F672C6       ;      ;    ;             ;
; Timing Models                                                                                        ; Final              ;      ;    ;             ;
; Default hold multicycle                                                                              ; Same as Multicycle ;      ;    ;             ;
; Cut paths between unrelated clock domains                                                            ; On                 ;      ;    ;             ;
; Cut off read during write signal paths                                                               ; On                 ;      ;    ;             ;
; Cut off feedback from I/O pins                                                                       ; On                 ;      ;    ;             ;
; Report Combined Fast/Slow Timing                                                                     ; Off                ;      ;    ;             ;
; Ignore Clock Settings                                                                                ; Off                ;      ;    ;             ;
; Analyze latches as synchronous elements                                                              ; On                 ;      ;    ;             ;
; Enable Recovery/Removal analysis                                                                     ; Off                ;      ;    ;             ;
; Enable Clock Latency                                                                                 ; Off                ;      ;    ;             ;
; Use TimeQuest Timing Analyzer                                                                        ; Off                ;      ;    ;             ;
; Minimum Core Junction Temperature                                                                    ; 0                  ;      ;    ;             ;
; Maximum Core Junction Temperature                                                                    ; 85                 ;      ;    ;             ;
; Number of source nodes to report per destination node                                                ; 10                 ;      ;    ;             ;
; Number of destination nodes to report                                                                ; 10                 ;      ;    ;             ;
; Number of paths to report                                                                            ; 200                ;      ;    ;             ;
; Report Minimum Timing Checks                                                                         ; Off                ;      ;    ;             ;
; Use Fast Timing Models                                                                               ; Off                ;      ;    ;             ;
; Report IO Paths Separately                                                                           ; Off                ;      ;    ;             ;
; Perform Multicorner Analysis                                                                         ; On                 ;      ;    ;             ;
; Reports the worst-case path for each clock domain and analysis                                       ; Off                ;      ;    ;             ;
; Reports worst-case timing paths for each clock domain and analysis                                   ; On                 ;      ;    ;             ;
; Specifies the maximum number of worst-case timing paths to report for each clock domain and analysis ; 100                ;      ;    ;             ;
; Removes common clock path pessimism (CCPP) during slack computation                                  ; Off                ;      ;    ;             ;
; Output I/O Timing Endpoint                                                                           ; Near End           ;      ;    ;             ;
+------------------------------------------------------------------------------------------------------+--------------------+------+----+-------------+


Parallel compilation was disabled, but you have multiple processors available. Enable parallel compilation to reduce compilation time.
+-------------------------------------+
; Parallel Compilation                ;
+----------------------------+--------+
; Processors                 ; Number ;
+----------------------------+--------+
; Number detected on machine ; 2      ;
; Maximum allowed            ; 1      ;
+----------------------------+--------+


+---------------------------------------------------------+
; tpd                                                     ;
+-------+-------------------+-----------------+------+----+
; Slack ; Required P2P Time ; Actual P2P Time ; From ; To ;
+-------+-------------------+-----------------+------+----+
; N/A   ; None              ; 7.304 ns        ; IN1  ; A  ;
; N/A   ; None              ; 7.282 ns        ; IN1  ; B  ;
; N/A   ; None              ; 7.265 ns        ; IN1  ; C  ;
; N/A   ; None              ; 7.167 ns        ; IN0  ; A  ;
; N/A   ; None              ; 7.143 ns        ; IN0  ; B  ;
; N/A   ; None              ; 7.108 ns        ; IN0  ; C  ;
; N/A   ; None              ; 7.039 ns        ; IN1  ; G  ;
; N/A   ; None              ; 7.039 ns        ; IN1  ; F  ;
; N/A   ; None              ; 6.930 ns        ; IN0  ; G  ;
; N/A   ; None              ; 6.915 ns        ; IN0  ; D  ;
; N/A   ; None              ; 6.914 ns        ; IN1  ; D  ;
; N/A   ; None              ; 6.905 ns        ; IN1  ; E  ;
; N/A   ; None              ; 6.904 ns        ; IN0  ; E  ;
; N/A   ; None              ; 6.903 ns        ; IN0  ; F  ;
; N/A   ; None              ; 6.879 ns        ; IN2  ; A  ;
; N/A   ; None              ; 6.856 ns        ; IN2  ; B  ;
; N/A   ; None              ; 6.850 ns        ; IN2  ; C  ;
; N/A   ; None              ; 6.642 ns        ; IN2  ; G  ;
; N/A   ; None              ; 6.626 ns        ; IN2  ; D  ;
; N/A   ; None              ; 6.624 ns        ; IN2  ; E  ;
; N/A   ; None              ; 6.614 ns        ; IN2  ; F  ;
; N/A   ; None              ; 6.249 ns        ; IN4  ; A  ;
; N/A   ; None              ; 6.227 ns        ; IN4  ; B  ;
; N/A   ; None              ; 6.214 ns        ; IN4  ; C  ;
; N/A   ; None              ; 6.012 ns        ; IN4  ; G  ;
; N/A   ; None              ; 5.984 ns        ; IN4  ; F  ;
+-------+-------------------+-----------------+------+----+


+--------------------------+
; Timing Analyzer Messages ;
+--------------------------+
Info: *******************************************************************
Info: Running Quartus II Classic Timing Analyzer
    Info: Version 9.1 Build 350 03/24/2010 Service Pack 2 SJ Web Edition
    Info: Processing started: Fri Feb 23 13:33:09 2024
Info: Command: quartus_tan --read_settings_files=off --write_settings_files=off Conversor -c Conversor --timing_analysis_only
Info: Longest tpd from source pin "IN1" to destination pin "A" is 7.304 ns
    Info: 1: + IC(0.000 ns) + CELL(0.999 ns) = 0.999 ns; Loc. = PIN_N26; Fanout = 7; PIN Node = 'IN1'
    Info: 2: + IC(2.212 ns) + CELL(0.419 ns) = 3.630 ns; Loc. = LCCOMB_X28_Y3_N24; Fanout = 1; COMB Node = '7447:inst|81~0'
    Info: 3: + IC(0.876 ns) + CELL(2.798 ns) = 7.304 ns; Loc. = PIN_AF10; Fanout = 0; PIN Node = 'A'
    Info: Total cell delay = 4.216 ns ( 57.72 % )
    Info: Total interconnect delay = 3.088 ns ( 42.28 % )
Info: Quartus II Classic Timing Analyzer was successful. 0 errors, 0 warnings
    Info: Peak virtual memory: 169 megabytes
    Info: Processing ended: Fri Feb 23 13:33:11 2024
    Info: Elapsed time: 00:00:02
    Info: Total CPU time (on all processors): 00:00:01


