Analysis & Synthesis report for contador_2
Thu Feb 29 14:20:28 2024
Quartus II Version 9.1 Build 350 03/24/2010 Service Pack 2 SJ Web Edition


---------------------
; Table of Contents ;
---------------------
  1. Legal Notice
  2. Analysis & Synthesis Summary
  3. Analysis & Synthesis Settings
  4. Parallel Compilation
  5. Analysis & Synthesis Source Files Read
  6. Analysis & Synthesis Resource Usage Summary
  7. Analysis & Synthesis Resource Utilization by Entity
  8. Registers Removed During Synthesis
  9. General Register Statistics
 10. Parameter Settings for User Entity Instance: temporizador:inst|74161:inst1
 11. Parameter Settings for User Entity Instance: temporizador:inst|74161:inst
 12. Analysis & Synthesis Messages



----------------
; Legal Notice ;
----------------
Copyright (C) 1991-2010 Altera Corporation
Your use of Altera Corporation's design tools, logic functions 
and other software and tools, and its AMPP partner logic 
functions, and any output files from any of the foregoing 
(including device programming or simulation files), and any 
associated documentation or information are expressly subject 
to the terms and conditions of the Altera Program License 
Subscription Agreement, Altera MegaCore Function License 
Agreement, or other applicable license agreement, including, 
without limitation, that your use is for the sole purpose of 
programming logic devices manufactured by Altera and sold by 
Altera or its authorized distributors.  Please refer to the 
applicable agreement for further details.



+-----------------------------------------------------------------------------------+
; Analysis & Synthesis Summary                                                      ;
+------------------------------------+----------------------------------------------+
; Analysis & Synthesis Status        ; Successful - Thu Feb 29 14:20:26 2024        ;
; Quartus II Version                 ; 9.1 Build 350 03/24/2010 SP 2 SJ Web Edition ;
; Revision Name                      ; contador_2                                   ;
; Top-level Entity Name              ; contador_2                                   ;
; Family                             ; Cyclone II                                   ;
; Total logic elements               ; 92                                           ;
;     Total combinational functions  ; 92                                           ;
;     Dedicated logic registers      ; 44                                           ;
; Total registers                    ; 44                                           ;
; Total pins                         ; 31                                           ;
; Total virtual pins                 ; 0                                            ;
; Total memory bits                  ; 0                                            ;
; Embedded Multiplier 9-bit elements ; 0                                            ;
; Total PLLs                         ; 0                                            ;
+------------------------------------+----------------------------------------------+


+----------------------------------------------------------------------------------------------------------------------+
; Analysis & Synthesis Settings                                                                                        ;
+----------------------------------------------------------------------------+--------------------+--------------------+
; Option                                                                     ; Setting            ; Default Value      ;
+----------------------------------------------------------------------------+--------------------+--------------------+
; Device                                                                     ; EP2C35F672C6       ;                    ;
; Top-level entity name                                                      ; contador_2         ; contador_2         ;
; Family name                                                                ; Cyclone II         ; Stratix II         ;
; Use smart compilation                                                      ; Off                ; Off                ;
; Enable parallel Assembler and TimeQuest Timing Analyzer during compilation ; On                 ; On                 ;
; Enable compact report table                                                ; Off                ; Off                ;
; Restructure Multiplexers                                                   ; Auto               ; Auto               ;
; Create Debugging Nodes for IP Cores                                        ; Off                ; Off                ;
; Preserve fewer node names                                                  ; On                 ; On                 ;
; Disable OpenCore Plus hardware evaluation                                  ; Off                ; Off                ;
; Verilog Version                                                            ; Verilog_2001       ; Verilog_2001       ;
; VHDL Version                                                               ; VHDL_1993          ; VHDL_1993          ;
; State Machine Processing                                                   ; Auto               ; Auto               ;
; Safe State Machine                                                         ; Off                ; Off                ;
; Extract Verilog State Machines                                             ; On                 ; On                 ;
; Extract VHDL State Machines                                                ; On                 ; On                 ;
; Ignore Verilog initial constructs                                          ; Off                ; Off                ;
; Iteration limit for constant Verilog loops                                 ; 5000               ; 5000               ;
; Iteration limit for non-constant Verilog loops                             ; 250                ; 250                ;
; Add Pass-Through Logic to Inferred RAMs                                    ; On                 ; On                 ;
; Parallel Synthesis                                                         ; On                 ; On                 ;
; DSP Block Balancing                                                        ; Auto               ; Auto               ;
; NOT Gate Push-Back                                                         ; On                 ; On                 ;
; Power-Up Don't Care                                                        ; On                 ; On                 ;
; Remove Redundant Logic Cells                                               ; Off                ; Off                ;
; Remove Duplicate Registers                                                 ; On                 ; On                 ;
; Ignore CARRY Buffers                                                       ; Off                ; Off                ;
; Ignore CASCADE Buffers                                                     ; Off                ; Off                ;
; Ignore GLOBAL Buffers                                                      ; Off                ; Off                ;
; Ignore ROW GLOBAL Buffers                                                  ; Off                ; Off                ;
; Ignore LCELL Buffers                                                       ; Off                ; Off                ;
; Ignore SOFT Buffers                                                        ; On                 ; On                 ;
; Limit AHDL Integers to 32 Bits                                             ; Off                ; Off                ;
; Optimization Technique                                                     ; Balanced           ; Balanced           ;
; Carry Chain Length                                                         ; 70                 ; 70                 ;
; Auto Carry Chains                                                          ; On                 ; On                 ;
; Auto Open-Drain Pins                                                       ; On                 ; On                 ;
; Perform WYSIWYG Primitive Resynthesis                                      ; Off                ; Off                ;
; Auto ROM Replacement                                                       ; On                 ; On                 ;
; Auto RAM Replacement                                                       ; On                 ; On                 ;
; Auto Shift Register Replacement                                            ; Auto               ; Auto               ;
; Auto Clock Enable Replacement                                              ; On                 ; On                 ;
; Strict RAM Replacement                                                     ; Off                ; Off                ;
; Allow Synchronous Control Signals                                          ; On                 ; On                 ;
; Force Use of Synchronous Clear Signals                                     ; Off                ; Off                ;
; Auto RAM to Logic Cell Conversion                                          ; Off                ; Off                ;
; Auto Resource Sharing                                                      ; Off                ; Off                ;
; Allow Any RAM Size For Recognition                                         ; Off                ; Off                ;
; Allow Any ROM Size For Recognition                                         ; Off                ; Off                ;
; Allow Any Shift Register Size For Recognition                              ; Off                ; Off                ;
; Use LogicLock Constraints during Resource Balancing                        ; On                 ; On                 ;
; Ignore translate_off and synthesis_off directives                          ; Off                ; Off                ;
; Timing-Driven Synthesis                                                    ; Off                ; Off                ;
; Show Parameter Settings Tables in Synthesis Report                         ; On                 ; On                 ;
; Ignore Maximum Fan-Out Assignments                                         ; Off                ; Off                ;
; Synchronization Register Chain Length                                      ; 2                  ; 2                  ;
; PowerPlay Power Optimization                                               ; Normal compilation ; Normal compilation ;
; HDL message level                                                          ; Level2             ; Level2             ;
; Suppress Register Optimization Related Messages                            ; Off                ; Off                ;
; Number of Removed Registers Reported in Synthesis Report                   ; 5000               ; 5000               ;
; Number of Inverted Registers Reported in Synthesis Report                  ; 100                ; 100                ;
; Clock MUX Protection                                                       ; On                 ; On                 ;
; Auto Gated Clock Conversion                                                ; Off                ; Off                ;
; Block Design Naming                                                        ; Auto               ; Auto               ;
; SDC constraint protection                                                  ; Off                ; Off                ;
; Synthesis Effort                                                           ; Auto               ; Auto               ;
; Shift Register Replacement - Allow Asynchronous Clear Signal               ; On                 ; On                 ;
; Analysis & Synthesis Message Level                                         ; Medium             ; Medium             ;
; Disable Register Merging Across Hierarchies                                ; Auto               ; Auto               ;
; Resource Aware Inference For Block RAM                                     ; On                 ; On                 ;
+----------------------------------------------------------------------------+--------------------+--------------------+


Parallel compilation was disabled, but you have multiple processors available. Enable parallel compilation to reduce compilation time.
+-------------------------------------+
; Parallel Compilation                ;
+----------------------------+--------+
; Processors                 ; Number ;
+----------------------------+--------+
; Number detected on machine ; 2      ;
; Maximum allowed            ; 1      ;
+----------------------------+--------+


+--------------------------------------------------------------------------------------------------------------------------------------------------------+
; Analysis & Synthesis Source Files Read                                                                                                                 ;
+----------------------------------+-----------------+------------------------------------+--------------------------------------------------------------+
; File Name with User-Entered Path ; Used in Netlist ; File Type                          ; File Name with Absolute Path                                 ;
+----------------------------------+-----------------+------------------------------------+--------------------------------------------------------------+
; ../Practica_3/temporizador.bdf   ; yes             ; User Block Diagram/Schematic File  ; D:/Proyecto/Practica_3/temporizador.bdf                      ;
; contador_2.bdf                   ; yes             ; User Block Diagram/Schematic File  ; D:/Proyecto/Practica_Tarea_3/contador_2.bdf                  ;
; 7447.bdf                         ; yes             ; Megafunction                       ; c:/altera/91sp2/quartus/libraries/others/maxplus2/7447.bdf   ;
; 74160.bdf                        ; yes             ; Megafunction                       ; c:/altera/91sp2/quartus/libraries/others/maxplus2/74160.bdf  ;
; 74161.tdf                        ; yes             ; Megafunction                       ; c:/altera/91sp2/quartus/libraries/others/maxplus2/74161.tdf  ;
; f74161.bdf                       ; yes             ; Megafunction                       ; c:/altera/91sp2/quartus/libraries/others/maxplus2/f74161.bdf ;
+----------------------------------+-----------------+------------------------------------+--------------------------------------------------------------+


+-----------------------------------------------------+
; Analysis & Synthesis Resource Usage Summary         ;
+---------------------------------------------+-------+
; Resource                                    ; Usage ;
+---------------------------------------------+-------+
; Estimated Total logic elements              ; 92    ;
;                                             ;       ;
; Total combinational functions               ; 92    ;
; Logic element usage by number of LUT inputs ;       ;
;     -- 4 input functions                    ; 51    ;
;     -- 3 input functions                    ; 30    ;
;     -- <=2 input functions                  ; 11    ;
;                                             ;       ;
; Logic elements by mode                      ;       ;
;     -- normal mode                          ; 92    ;
;     -- arithmetic mode                      ; 0     ;
;                                             ;       ;
; Total registers                             ; 44    ;
;     -- Dedicated logic registers            ; 44    ;
;     -- I/O registers                        ; 0     ;
;                                             ;       ;
; I/O pins                                    ; 31    ;
; Maximum fan-out node                        ; CLOCK ;
; Maximum fan-out                             ; 28    ;
; Total fan-out                               ; 439   ;
; Average fan-out                             ; 2.63  ;
+---------------------------------------------+-------+


+--------------------------------------------------------------------------------------------------------------------------------------------------------------------------------------------------------------+
; Analysis & Synthesis Resource Utilization by Entity                                                                                                                                                          ;
+----------------------------+-------------------+--------------+-------------+--------------+---------+-----------+------+--------------+------------------------------------------------------+--------------+
; Compilation Hierarchy Node ; LC Combinationals ; LC Registers ; Memory Bits ; DSP Elements ; DSP 9x9 ; DSP 18x18 ; Pins ; Virtual Pins ; Full Hierarchy Name                                  ; Library Name ;
+----------------------------+-------------------+--------------+-------------+--------------+---------+-----------+------+--------------+------------------------------------------------------+--------------+
; |contador_2                ; 92 (3)            ; 44 (0)       ; 0           ; 0            ; 0       ; 0         ; 31   ; 0            ; |contador_2                                          ; work         ;
;    |74160:inst1|           ; 4 (4)             ; 4 (4)        ; 0           ; 0            ; 0       ; 0         ; 0    ; 0            ; |contador_2|74160:inst1                              ;              ;
;    |74160:inst2|           ; 5 (5)             ; 4 (4)        ; 0           ; 0            ; 0       ; 0         ; 0    ; 0            ; |contador_2|74160:inst2                              ;              ;
;    |74160:inst6|           ; 5 (5)             ; 4 (4)        ; 0           ; 0            ; 0       ; 0         ; 0    ; 0            ; |contador_2|74160:inst6                              ;              ;
;    |74160:inst7|           ; 5 (5)             ; 4 (4)        ; 0           ; 0            ; 0       ; 0         ; 0    ; 0            ; |contador_2|74160:inst7                              ;              ;
;    |7447:inst3|            ; 7 (7)             ; 0 (0)        ; 0           ; 0            ; 0       ; 0         ; 0    ; 0            ; |contador_2|7447:inst3                               ;              ;
;    |7447:inst4|            ; 7 (7)             ; 0 (0)        ; 0           ; 0            ; 0       ; 0         ; 0    ; 0            ; |contador_2|7447:inst4                               ;              ;
;    |7447:inst8|            ; 7 (7)             ; 0 (0)        ; 0           ; 0            ; 0       ; 0         ; 0    ; 0            ; |contador_2|7447:inst8                               ;              ;
;    |7447:inst9|            ; 7 (7)             ; 0 (0)        ; 0           ; 0            ; 0       ; 0         ; 0    ; 0            ; |contador_2|7447:inst9                               ;              ;
;    |temporizador:inst|     ; 42 (4)            ; 28 (0)       ; 0           ; 0            ; 0       ; 0         ; 0    ; 0            ; |contador_2|temporizador:inst                        ;              ;
;       |74160:inst2|        ; 7 (7)             ; 4 (4)        ; 0           ; 0            ; 0       ; 0         ; 0    ; 0            ; |contador_2|temporizador:inst|74160:inst2            ;              ;
;       |74160:inst3|        ; 5 (5)             ; 4 (4)        ; 0           ; 0            ; 0       ; 0         ; 0    ; 0            ; |contador_2|temporizador:inst|74160:inst3            ;              ;
;       |74160:inst4|        ; 5 (5)             ; 4 (4)        ; 0           ; 0            ; 0       ; 0         ; 0    ; 0            ; |contador_2|temporizador:inst|74160:inst4            ;              ;
;       |74160:inst5|        ; 6 (6)             ; 4 (4)        ; 0           ; 0            ; 0       ; 0         ; 0    ; 0            ; |contador_2|temporizador:inst|74160:inst5            ;              ;
;       |74160:inst6|        ; 5 (5)             ; 4 (4)        ; 0           ; 0            ; 0       ; 0         ; 0    ; 0            ; |contador_2|temporizador:inst|74160:inst6            ;              ;
;       |74161:inst1|        ; 5 (0)             ; 4 (0)        ; 0           ; 0            ; 0       ; 0         ; 0    ; 0            ; |contador_2|temporizador:inst|74161:inst1            ;              ;
;          |f74161:sub|      ; 5 (5)             ; 4 (4)        ; 0           ; 0            ; 0       ; 0         ; 0    ; 0            ; |contador_2|temporizador:inst|74161:inst1|f74161:sub ;              ;
;       |74161:inst|         ; 5 (0)             ; 4 (0)        ; 0           ; 0            ; 0       ; 0         ; 0    ; 0            ; |contador_2|temporizador:inst|74161:inst             ;              ;
;          |f74161:sub|      ; 5 (5)             ; 4 (4)        ; 0           ; 0            ; 0       ; 0         ; 0    ; 0            ; |contador_2|temporizador:inst|74161:inst|f74161:sub  ;              ;
+----------------------------+-------------------+--------------+-------------+--------------+---------+-----------+------+--------------+------------------------------------------------------+--------------+
Note: For table entries with two numbers listed, the numbers in parentheses indicate the number of resources of the given type used by the specific entity alone. The numbers listed outside of parentheses indicate the total resources of the given type used by the specific entity and all of its sub-entities in the hierarchy.


+------------------------------------------------------------------------------+
; Registers Removed During Synthesis                                           ;
+---------------------------------------+--------------------------------------+
; Register name                         ; Reason for Removal                   ;
+---------------------------------------+--------------------------------------+
; temporizador:inst|inst11~_emulated    ; Stuck at GND due to stuck port clock ;
; Total Number of Removed Registers = 1 ;                                      ;
+---------------------------------------+--------------------------------------+


+------------------------------------------------------+
; General Register Statistics                          ;
+----------------------------------------------+-------+
; Statistic                                    ; Value ;
+----------------------------------------------+-------+
; Total registers                              ; 44    ;
; Number of registers using Synchronous Clear  ; 0     ;
; Number of registers using Synchronous Load   ; 0     ;
; Number of registers using Asynchronous Clear ; 8     ;
; Number of registers using Asynchronous Load  ; 0     ;
; Number of registers using Clock Enable       ; 0     ;
; Number of registers using Preset             ; 0     ;
+----------------------------------------------+-------+


+----------------------------------------------------------------------------+
; Parameter Settings for User Entity Instance: temporizador:inst|74161:inst1 ;
+------------------------+------------+--------------------------------------+
; Parameter Name         ; Value      ; Type                                 ;
+------------------------+------------+--------------------------------------+
; DEVICE_FAMILY          ; Cyclone II ; Untyped                              ;
; AUTO_CARRY_CHAINS      ; ON         ; AUTO_CARRY                           ;
; IGNORE_CARRY_BUFFERS   ; OFF        ; IGNORE_CARRY                         ;
; AUTO_CASCADE_CHAINS    ; ON         ; AUTO_CASCADE                         ;
; IGNORE_CASCADE_BUFFERS ; OFF        ; IGNORE_CASCADE                       ;
+------------------------+------------+--------------------------------------+
Note: In order to hide this table in the UI and the text report file, please set the "Show Parameter Settings Tables in Synthesis Report" option in "Analysis and Synthesis Settings -> More Settings" to "Off".


+---------------------------------------------------------------------------+
; Parameter Settings for User Entity Instance: temporizador:inst|74161:inst ;
+------------------------+------------+-------------------------------------+
; Parameter Name         ; Value      ; Type                                ;
+------------------------+------------+-------------------------------------+
; DEVICE_FAMILY          ; Cyclone II ; Untyped                             ;
; AUTO_CARRY_CHAINS      ; ON         ; AUTO_CARRY                          ;
; IGNORE_CARRY_BUFFERS   ; OFF        ; IGNORE_CARRY                        ;
; AUTO_CASCADE_CHAINS    ; ON         ; AUTO_CASCADE                        ;
; IGNORE_CASCADE_BUFFERS ; OFF        ; IGNORE_CASCADE                      ;
+------------------------+------------+-------------------------------------+
Note: In order to hide this table in the UI and the text report file, please set the "Show Parameter Settings Tables in Synthesis Report" option in "Analysis and Synthesis Settings -> More Settings" to "Off".


+-------------------------------+
; Analysis & Synthesis Messages ;
+-------------------------------+
Info: *******************************************************************
Info: Running Quartus II Analysis & Synthesis
    Info: Version 9.1 Build 350 03/24/2010 Service Pack 2 SJ Web Edition
    Info: Processing started: Thu Feb 29 14:20:11 2024
Info: Command: quartus_map --read_settings_files=on --write_settings_files=off contador_2 -c contador_2
Info: Found 1 design units, including 1 entities, in source file /proyecto/practica_3/temporizador.bdf
    Info: Found entity 1: temporizador
Info: Found 1 design units, including 1 entities, in source file contador_2.bdf
    Info: Found entity 1: contador_2
Info: Elaborating entity "contador_2" for the top level hierarchy
Info: Elaborating entity "7447" for hierarchy "7447:inst3"
Info: Elaborated megafunction instantiation "7447:inst3"
Info: Elaborating entity "74160" for hierarchy "74160:inst1"
Info: Elaborated megafunction instantiation "74160:inst1"
Info: Elaborating entity "temporizador" for hierarchy "temporizador:inst"
Info: Elaborating entity "74161" for hierarchy "temporizador:inst|74161:inst1"
Info: Elaborated megafunction instantiation "temporizador:inst|74161:inst1"
Info: Elaborating entity "f74161" for hierarchy "temporizador:inst|74161:inst1|f74161:sub"
Info: Elaborated megafunction instantiation "temporizador:inst|74161:inst1|f74161:sub", which is child of megafunction instantiation "temporizador:inst|74161:inst1"
Info: Elaborating entity "74161" for hierarchy "temporizador:inst|74161:inst"
Info: Elaborated megafunction instantiation "temporizador:inst|74161:inst"
Info: Ignored 9 buffer(s)
    Info: Ignored 9 CARRY buffer(s)
Warning: Presettable and clearable registers converted to equivalent circuits with latches. Registers power-up to an undefined state, and DEVCLRn places the registers in an undefined state.
    Warning (13310): Register "temporizador:inst|inst11" is converted into an equivalent circuit using register "temporizador:inst|inst11~_emulated" and latch "temporizador:inst|inst11~latch"
Info: Implemented 123 device resources after synthesis - the final resource count might be different
    Info: Implemented 2 input pins
    Info: Implemented 29 output pins
    Info: Implemented 92 logic cells
Info: Quartus II Analysis & Synthesis was successful. 0 errors, 2 warnings
    Info: Peak virtual memory: 220 megabytes
    Info: Processing ended: Thu Feb 29 14:20:29 2024
    Info: Elapsed time: 00:00:18
    Info: Total CPU time (on all processors): 00:00:02


