Classic Timing Analyzer report for minutos
Fri Feb 23 15:18:29 2024
Quartus II Version 9.1 Build 350 03/24/2010 Service Pack 2 SJ Web Edition


---------------------
; Table of Contents ;
---------------------
  1. Legal Notice
  2. Timing Analyzer Summary
  3. Timing Analyzer Settings
  4. Clock Settings Summary
  5. Parallel Compilation
  6. Clock Setup: 'CLOCK'
  7. tco
  8. Timing Analyzer Messages



----------------
; Legal Notice ;
----------------
Copyright (C) 1991-2010 Altera Corporation
Your use of Altera Corporation's design tools, logic functions 
and other software and tools, and its AMPP partner logic 
functions, and any output files from any of the foregoing 
(including device programming or simulation files), and any 
associated documentation or information are expressly subject 
to the terms and conditions of the Altera Program License 
Subscription Agreement, Altera MegaCore Function License 
Agreement, or other applicable license agreement, including, 
without limitation, that your use is for the sole purpose of 
programming logic devices manufactured by Altera and sold by 
Altera or its authorized distributors.  Please refer to the 
applicable agreement for further details.



+-------------------------------------------------------------------------------------------------------------------------------------------------------------------------------------------------------------------+
; Timing Analyzer Summary                                                                                                                                                                                           ;
+------------------------------+-------+---------------+----------------------------------+-----------------------------------------------+----------------------------------+------------+----------+--------------+
; Type                         ; Slack ; Required Time ; Actual Time                      ; From                                          ; To                               ; From Clock ; To Clock ; Failed Paths ;
+------------------------------+-------+---------------+----------------------------------+-----------------------------------------------+----------------------------------+------------+----------+--------------+
; Worst-case tco               ; N/A   ; None          ; 10.410 ns                        ; temporizador:inst1|74160:inst6|9              ; LED1S                            ; CLOCK      ; --       ; 0            ;
; Clock Setup: 'CLOCK'         ; N/A   ; None          ; 310.75 MHz ( period = 3.218 ns ) ; temporizador:inst1|74161:inst1|f74161:sub|110 ; temporizador:inst1|74160:inst6|7 ; CLOCK      ; CLOCK    ; 0            ;
; Total number of failed paths ;       ;               ;                                  ;                                               ;                                  ;            ;          ; 0            ;
+------------------------------+-------+---------------+----------------------------------+-----------------------------------------------+----------------------------------+------------+----------+--------------+


+-----------------------------------------------------------------------------------------------------------------------------------------------------+
; Timing Analyzer Settings                                                                                                                            ;
+------------------------------------------------------------------------------------------------------+--------------------+------+----+-------------+
; Option                                                                                               ; Setting            ; From ; To ; Entity Name ;
+------------------------------------------------------------------------------------------------------+--------------------+------+----+-------------+
; Device Name                                                                                          ; EP2C35F672C6       ;      ;    ;             ;
; Timing Models                                                                                        ; Final              ;      ;    ;             ;
; Default hold multicycle                                                                              ; Same as Multicycle ;      ;    ;             ;
; Cut paths between unrelated clock domains                                                            ; On                 ;      ;    ;             ;
; Cut off read during write signal paths                                                               ; On                 ;      ;    ;             ;
; Cut off feedback from I/O pins                                                                       ; On                 ;      ;    ;             ;
; Report Combined Fast/Slow Timing                                                                     ; Off                ;      ;    ;             ;
; Ignore Clock Settings                                                                                ; Off                ;      ;    ;             ;
; Analyze latches as synchronous elements                                                              ; On                 ;      ;    ;             ;
; Enable Recovery/Removal analysis                                                                     ; Off                ;      ;    ;             ;
; Enable Clock Latency                                                                                 ; Off                ;      ;    ;             ;
; Use TimeQuest Timing Analyzer                                                                        ; Off                ;      ;    ;             ;
; Minimum Core Junction Temperature                                                                    ; 0                  ;      ;    ;             ;
; Maximum Core Junction Temperature                                                                    ; 85                 ;      ;    ;             ;
; Number of source nodes to report per destination node                                                ; 10                 ;      ;    ;             ;
; Number of destination nodes to report                                                                ; 10                 ;      ;    ;             ;
; Number of paths to report                                                                            ; 200                ;      ;    ;             ;
; Report Minimum Timing Checks                                                                         ; Off                ;      ;    ;             ;
; Use Fast Timing Models                                                                               ; Off                ;      ;    ;             ;
; Report IO Paths Separately                                                                           ; Off                ;      ;    ;             ;
; Perform Multicorner Analysis                                                                         ; On                 ;      ;    ;             ;
; Reports the worst-case path for each clock domain and analysis                                       ; Off                ;      ;    ;             ;
; Reports worst-case timing paths for each clock domain and analysis                                   ; On                 ;      ;    ;             ;
; Specifies the maximum number of worst-case timing paths to report for each clock domain and analysis ; 100                ;      ;    ;             ;
; Removes common clock path pessimism (CCPP) during slack computation                                  ; Off                ;      ;    ;             ;
; Output I/O Timing Endpoint                                                                           ; Near End           ;      ;    ;             ;
+------------------------------------------------------------------------------------------------------+--------------------+------+----+-------------+


+------------------------------------------------------------------------------------------------------------------------------------------------------------------------------------+
; Clock Settings Summary                                                                                                                                                             ;
+-----------------+--------------------+----------+------------------+---------------+--------------+----------+-----------------------+---------------------+--------+--------------+
; Clock Node Name ; Clock Setting Name ; Type     ; Fmax Requirement ; Early Latency ; Late Latency ; Based on ; Multiply Base Fmax by ; Divide Base Fmax by ; Offset ; Phase offset ;
+-----------------+--------------------+----------+------------------+---------------+--------------+----------+-----------------------+---------------------+--------+--------------+
; CLOCK           ;                    ; User Pin ; None             ; 0.000 ns      ; 0.000 ns     ; --       ; N/A                   ; N/A                 ; N/A    ;              ;
+-----------------+--------------------+----------+------------------+---------------+--------------+----------+-----------------------+---------------------+--------+--------------+


Parallel compilation was disabled, but you have multiple processors available. Enable parallel compilation to reduce compilation time.
+-------------------------------------+
; Parallel Compilation                ;
+----------------------------+--------+
; Processors                 ; Number ;
+----------------------------+--------+
; Number detected on machine ; 2      ;
; Maximum allowed            ; 1      ;
+----------------------------+--------+


+-----------------------------------------------------------------------------------------------------------------------------------------------------------------------------------------------------------------------------------------------------------------------------------------------------------+
; Clock Setup: 'CLOCK'                                                                                                                                                                                                                                                                                      ;
+-----------------------------------------+-----------------------------------------------------+-----------------------------------------------+-----------------------------------------------+------------+----------+-----------------------------+---------------------------+-------------------------+
; Slack                                   ; Actual fmax (period)                                ; From                                          ; To                                            ; From Clock ; To Clock ; Required Setup Relationship ; Required Longest P2P Time ; Actual Longest P2P Time ;
+-----------------------------------------+-----------------------------------------------------+-----------------------------------------------+-----------------------------------------------+------------+----------+-----------------------------+---------------------------+-------------------------+
; N/A                                     ; 310.75 MHz ( period = 3.218 ns )                    ; temporizador:inst1|74161:inst1|f74161:sub|110 ; temporizador:inst1|74160:inst6|8              ; CLOCK      ; CLOCK    ; None                        ; None                      ; 3.004 ns                ;
; N/A                                     ; 310.75 MHz ( period = 3.218 ns )                    ; temporizador:inst1|74161:inst1|f74161:sub|110 ; temporizador:inst1|74160:inst6|7              ; CLOCK      ; CLOCK    ; None                        ; None                      ; 3.004 ns                ;
; N/A                                     ; 310.85 MHz ( period = 3.217 ns )                    ; temporizador:inst1|74161:inst1|f74161:sub|110 ; temporizador:inst1|74160:inst6|6              ; CLOCK      ; CLOCK    ; None                        ; None                      ; 3.003 ns                ;
; N/A                                     ; 311.14 MHz ( period = 3.214 ns )                    ; temporizador:inst1|74161:inst1|f74161:sub|110 ; temporizador:inst1|74160:inst5|7              ; CLOCK      ; CLOCK    ; None                        ; None                      ; 2.999 ns                ;
; N/A                                     ; 312.60 MHz ( period = 3.199 ns )                    ; temporizador:inst1|74161:inst1|f74161:sub|110 ; temporizador:inst1|74160:inst6|9              ; CLOCK      ; CLOCK    ; None                        ; None                      ; 2.985 ns                ;
; N/A                                     ; 313.28 MHz ( period = 3.192 ns )                    ; temporizador:inst1|74161:inst1|f74161:sub|110 ; temporizador:inst1|74160:inst5|9              ; CLOCK      ; CLOCK    ; None                        ; None                      ; 2.977 ns                ;
; N/A                                     ; 313.48 MHz ( period = 3.190 ns )                    ; temporizador:inst1|74161:inst1|f74161:sub|110 ; temporizador:inst1|74160:inst5|8              ; CLOCK      ; CLOCK    ; None                        ; None                      ; 2.975 ns                ;
; N/A                                     ; 314.17 MHz ( period = 3.183 ns )                    ; temporizador:inst1|74161:inst1|f74161:sub|99  ; temporizador:inst1|74160:inst6|8              ; CLOCK      ; CLOCK    ; None                        ; None                      ; 2.969 ns                ;
; N/A                                     ; 314.17 MHz ( period = 3.183 ns )                    ; temporizador:inst1|74161:inst1|f74161:sub|99  ; temporizador:inst1|74160:inst6|7              ; CLOCK      ; CLOCK    ; None                        ; None                      ; 2.969 ns                ;
; N/A                                     ; 314.27 MHz ( period = 3.182 ns )                    ; temporizador:inst1|74161:inst1|f74161:sub|99  ; temporizador:inst1|74160:inst6|6              ; CLOCK      ; CLOCK    ; None                        ; None                      ; 2.968 ns                ;
; N/A                                     ; 314.56 MHz ( period = 3.179 ns )                    ; temporizador:inst1|74161:inst1|f74161:sub|99  ; temporizador:inst1|74160:inst5|7              ; CLOCK      ; CLOCK    ; None                        ; None                      ; 2.964 ns                ;
; N/A                                     ; 316.06 MHz ( period = 3.164 ns )                    ; temporizador:inst1|74161:inst1|f74161:sub|99  ; temporizador:inst1|74160:inst6|9              ; CLOCK      ; CLOCK    ; None                        ; None                      ; 2.950 ns                ;
; N/A                                     ; 316.76 MHz ( period = 3.157 ns )                    ; temporizador:inst1|74161:inst1|f74161:sub|99  ; temporizador:inst1|74160:inst5|9              ; CLOCK      ; CLOCK    ; None                        ; None                      ; 2.942 ns                ;
; N/A                                     ; 316.96 MHz ( period = 3.155 ns )                    ; temporizador:inst1|74161:inst1|f74161:sub|99  ; temporizador:inst1|74160:inst5|8              ; CLOCK      ; CLOCK    ; None                        ; None                      ; 2.940 ns                ;
; N/A                                     ; 323.73 MHz ( period = 3.089 ns )                    ; temporizador:inst1|74161:inst|f74161:sub|99   ; temporizador:inst1|74160:inst6|8              ; CLOCK      ; CLOCK    ; None                        ; None                      ; 2.875 ns                ;
; N/A                                     ; 323.73 MHz ( period = 3.089 ns )                    ; temporizador:inst1|74161:inst|f74161:sub|99   ; temporizador:inst1|74160:inst6|7              ; CLOCK      ; CLOCK    ; None                        ; None                      ; 2.875 ns                ;
; N/A                                     ; 323.83 MHz ( period = 3.088 ns )                    ; temporizador:inst1|74161:inst|f74161:sub|99   ; temporizador:inst1|74160:inst6|6              ; CLOCK      ; CLOCK    ; None                        ; None                      ; 2.874 ns                ;
; N/A                                     ; 324.15 MHz ( period = 3.085 ns )                    ; temporizador:inst1|74161:inst|f74161:sub|99   ; temporizador:inst1|74160:inst5|7              ; CLOCK      ; CLOCK    ; None                        ; None                      ; 2.870 ns                ;
; N/A                                     ; 325.31 MHz ( period = 3.074 ns )                    ; temporizador:inst1|74161:inst1|f74161:sub|87  ; temporizador:inst1|74160:inst6|8              ; CLOCK      ; CLOCK    ; None                        ; None                      ; 2.860 ns                ;
; N/A                                     ; 325.31 MHz ( period = 3.074 ns )                    ; temporizador:inst1|74161:inst1|f74161:sub|87  ; temporizador:inst1|74160:inst6|7              ; CLOCK      ; CLOCK    ; None                        ; None                      ; 2.860 ns                ;
; N/A                                     ; 325.41 MHz ( period = 3.073 ns )                    ; temporizador:inst1|74161:inst1|f74161:sub|87  ; temporizador:inst1|74160:inst6|6              ; CLOCK      ; CLOCK    ; None                        ; None                      ; 2.859 ns                ;
; N/A                                     ; 325.73 MHz ( period = 3.070 ns )                    ; temporizador:inst1|74161:inst|f74161:sub|99   ; temporizador:inst1|74160:inst6|9              ; CLOCK      ; CLOCK    ; None                        ; None                      ; 2.856 ns                ;
; N/A                                     ; 325.73 MHz ( period = 3.070 ns )                    ; temporizador:inst1|74161:inst1|f74161:sub|87  ; temporizador:inst1|74160:inst5|7              ; CLOCK      ; CLOCK    ; None                        ; None                      ; 2.855 ns                ;
; N/A                                     ; 326.48 MHz ( period = 3.063 ns )                    ; temporizador:inst1|74161:inst|f74161:sub|99   ; temporizador:inst1|74160:inst5|9              ; CLOCK      ; CLOCK    ; None                        ; None                      ; 2.848 ns                ;
; N/A                                     ; 326.69 MHz ( period = 3.061 ns )                    ; temporizador:inst1|74161:inst|f74161:sub|99   ; temporizador:inst1|74160:inst5|8              ; CLOCK      ; CLOCK    ; None                        ; None                      ; 2.846 ns                ;
; N/A                                     ; 327.33 MHz ( period = 3.055 ns )                    ; temporizador:inst1|74161:inst1|f74161:sub|87  ; temporizador:inst1|74160:inst6|9              ; CLOCK      ; CLOCK    ; None                        ; None                      ; 2.841 ns                ;
; N/A                                     ; 327.44 MHz ( period = 3.054 ns )                    ; temporizador:inst1|74161:inst|f74161:sub|110  ; temporizador:inst1|74160:inst6|8              ; CLOCK      ; CLOCK    ; None                        ; None                      ; 2.840 ns                ;
; N/A                                     ; 327.44 MHz ( period = 3.054 ns )                    ; temporizador:inst1|74161:inst|f74161:sub|110  ; temporizador:inst1|74160:inst6|7              ; CLOCK      ; CLOCK    ; None                        ; None                      ; 2.840 ns                ;
; N/A                                     ; 327.55 MHz ( period = 3.053 ns )                    ; temporizador:inst1|74161:inst|f74161:sub|110  ; temporizador:inst1|74160:inst6|6              ; CLOCK      ; CLOCK    ; None                        ; None                      ; 2.839 ns                ;
; N/A                                     ; 327.87 MHz ( period = 3.050 ns )                    ; temporizador:inst1|74161:inst|f74161:sub|110  ; temporizador:inst1|74160:inst5|7              ; CLOCK      ; CLOCK    ; None                        ; None                      ; 2.835 ns                ;
; N/A                                     ; 328.08 MHz ( period = 3.048 ns )                    ; temporizador:inst1|74161:inst1|f74161:sub|87  ; temporizador:inst1|74160:inst5|9              ; CLOCK      ; CLOCK    ; None                        ; None                      ; 2.833 ns                ;
; N/A                                     ; 328.30 MHz ( period = 3.046 ns )                    ; temporizador:inst1|74161:inst1|f74161:sub|87  ; temporizador:inst1|74160:inst5|8              ; CLOCK      ; CLOCK    ; None                        ; None                      ; 2.831 ns                ;
; N/A                                     ; 329.49 MHz ( period = 3.035 ns )                    ; temporizador:inst1|74161:inst|f74161:sub|110  ; temporizador:inst1|74160:inst6|9              ; CLOCK      ; CLOCK    ; None                        ; None                      ; 2.821 ns                ;
; N/A                                     ; 330.25 MHz ( period = 3.028 ns )                    ; temporizador:inst1|74161:inst|f74161:sub|110  ; temporizador:inst1|74160:inst5|9              ; CLOCK      ; CLOCK    ; None                        ; None                      ; 2.813 ns                ;
; N/A                                     ; 330.47 MHz ( period = 3.026 ns )                    ; temporizador:inst1|74161:inst|f74161:sub|110  ; temporizador:inst1|74160:inst5|8              ; CLOCK      ; CLOCK    ; None                        ; None                      ; 2.811 ns                ;
; N/A                                     ; 340.02 MHz ( period = 2.941 ns )                    ; temporizador:inst1|74161:inst|f74161:sub|9    ; temporizador:inst1|74160:inst6|8              ; CLOCK      ; CLOCK    ; None                        ; None                      ; 2.727 ns                ;
; N/A                                     ; 340.02 MHz ( period = 2.941 ns )                    ; temporizador:inst1|74161:inst|f74161:sub|9    ; temporizador:inst1|74160:inst6|7              ; CLOCK      ; CLOCK    ; None                        ; None                      ; 2.727 ns                ;
; N/A                                     ; 340.14 MHz ( period = 2.940 ns )                    ; temporizador:inst1|74161:inst|f74161:sub|9    ; temporizador:inst1|74160:inst6|6              ; CLOCK      ; CLOCK    ; None                        ; None                      ; 2.726 ns                ;
; N/A                                     ; 340.48 MHz ( period = 2.937 ns )                    ; temporizador:inst1|74161:inst|f74161:sub|9    ; temporizador:inst1|74160:inst5|7              ; CLOCK      ; CLOCK    ; None                        ; None                      ; 2.722 ns                ;
; N/A                                     ; 340.60 MHz ( period = 2.936 ns )                    ; temporizador:inst1|74161:inst1|f74161:sub|9   ; temporizador:inst1|74160:inst6|8              ; CLOCK      ; CLOCK    ; None                        ; None                      ; 2.722 ns                ;
; N/A                                     ; 340.60 MHz ( period = 2.936 ns )                    ; temporizador:inst1|74161:inst1|f74161:sub|9   ; temporizador:inst1|74160:inst6|7              ; CLOCK      ; CLOCK    ; None                        ; None                      ; 2.722 ns                ;
; N/A                                     ; 340.72 MHz ( period = 2.935 ns )                    ; temporizador:inst1|74161:inst1|f74161:sub|9   ; temporizador:inst1|74160:inst6|6              ; CLOCK      ; CLOCK    ; None                        ; None                      ; 2.721 ns                ;
; N/A                                     ; 341.06 MHz ( period = 2.932 ns )                    ; temporizador:inst1|74161:inst1|f74161:sub|9   ; temporizador:inst1|74160:inst5|7              ; CLOCK      ; CLOCK    ; None                        ; None                      ; 2.717 ns                ;
; N/A                                     ; 342.23 MHz ( period = 2.922 ns )                    ; temporizador:inst1|74161:inst|f74161:sub|9    ; temporizador:inst1|74160:inst6|9              ; CLOCK      ; CLOCK    ; None                        ; None                      ; 2.708 ns                ;
; N/A                                     ; 342.82 MHz ( period = 2.917 ns )                    ; temporizador:inst1|74161:inst1|f74161:sub|9   ; temporizador:inst1|74160:inst6|9              ; CLOCK      ; CLOCK    ; None                        ; None                      ; 2.703 ns                ;
; N/A                                     ; 343.05 MHz ( period = 2.915 ns )                    ; temporizador:inst1|74161:inst|f74161:sub|9    ; temporizador:inst1|74160:inst5|9              ; CLOCK      ; CLOCK    ; None                        ; None                      ; 2.700 ns                ;
; N/A                                     ; 343.29 MHz ( period = 2.913 ns )                    ; temporizador:inst1|74161:inst|f74161:sub|9    ; temporizador:inst1|74160:inst5|8              ; CLOCK      ; CLOCK    ; None                        ; None                      ; 2.698 ns                ;
; N/A                                     ; 343.64 MHz ( period = 2.910 ns )                    ; temporizador:inst1|74161:inst1|f74161:sub|9   ; temporizador:inst1|74160:inst5|9              ; CLOCK      ; CLOCK    ; None                        ; None                      ; 2.695 ns                ;
; N/A                                     ; 343.88 MHz ( period = 2.908 ns )                    ; temporizador:inst1|74161:inst1|f74161:sub|9   ; temporizador:inst1|74160:inst5|8              ; CLOCK      ; CLOCK    ; None                        ; None                      ; 2.693 ns                ;
; N/A                                     ; 346.50 MHz ( period = 2.886 ns )                    ; temporizador:inst1|74161:inst|f74161:sub|99   ; temporizador:inst1|74160:inst2|8              ; CLOCK      ; CLOCK    ; None                        ; None                      ; 2.672 ns                ;
; N/A                                     ; 346.62 MHz ( period = 2.885 ns )                    ; temporizador:inst1|74161:inst|f74161:sub|99   ; temporizador:inst1|74160:inst2|9              ; CLOCK      ; CLOCK    ; None                        ; None                      ; 2.671 ns                ;
; N/A                                     ; 346.62 MHz ( period = 2.885 ns )                    ; temporizador:inst1|74161:inst|f74161:sub|99   ; temporizador:inst1|74160:inst2|7              ; CLOCK      ; CLOCK    ; None                        ; None                      ; 2.671 ns                ;
; N/A                                     ; 349.04 MHz ( period = 2.865 ns )                    ; temporizador:inst1|74160:inst2|6              ; temporizador:inst1|74160:inst6|8              ; CLOCK      ; CLOCK    ; None                        ; None                      ; 2.651 ns                ;
; N/A                                     ; 349.04 MHz ( period = 2.865 ns )                    ; temporizador:inst1|74160:inst2|6              ; temporizador:inst1|74160:inst6|7              ; CLOCK      ; CLOCK    ; None                        ; None                      ; 2.651 ns                ;
; N/A                                     ; 349.16 MHz ( period = 2.864 ns )                    ; temporizador:inst1|74160:inst2|6              ; temporizador:inst1|74160:inst6|6              ; CLOCK      ; CLOCK    ; None                        ; None                      ; 2.650 ns                ;
; N/A                                     ; 349.53 MHz ( period = 2.861 ns )                    ; temporizador:inst1|74160:inst2|6              ; temporizador:inst1|74160:inst5|7              ; CLOCK      ; CLOCK    ; None                        ; None                      ; 2.646 ns                ;
; N/A                                     ; 350.75 MHz ( period = 2.851 ns )                    ; temporizador:inst1|74161:inst|f74161:sub|110  ; temporizador:inst1|74160:inst2|8              ; CLOCK      ; CLOCK    ; None                        ; None                      ; 2.637 ns                ;
; N/A                                     ; 350.88 MHz ( period = 2.850 ns )                    ; temporizador:inst1|74160:inst2|9              ; temporizador:inst1|74160:inst6|8              ; CLOCK      ; CLOCK    ; None                        ; None                      ; 2.636 ns                ;
; N/A                                     ; 350.88 MHz ( period = 2.850 ns )                    ; temporizador:inst1|74160:inst2|9              ; temporizador:inst1|74160:inst6|7              ; CLOCK      ; CLOCK    ; None                        ; None                      ; 2.636 ns                ;
; N/A                                     ; 350.88 MHz ( period = 2.850 ns )                    ; temporizador:inst1|74161:inst|f74161:sub|110  ; temporizador:inst1|74160:inst2|9              ; CLOCK      ; CLOCK    ; None                        ; None                      ; 2.636 ns                ;
; N/A                                     ; 350.88 MHz ( period = 2.850 ns )                    ; temporizador:inst1|74161:inst|f74161:sub|110  ; temporizador:inst1|74160:inst2|7              ; CLOCK      ; CLOCK    ; None                        ; None                      ; 2.636 ns                ;
; N/A                                     ; 351.00 MHz ( period = 2.849 ns )                    ; temporizador:inst1|74160:inst2|9              ; temporizador:inst1|74160:inst6|6              ; CLOCK      ; CLOCK    ; None                        ; None                      ; 2.635 ns                ;
; N/A                                     ; 351.37 MHz ( period = 2.846 ns )                    ; temporizador:inst1|74160:inst2|6              ; temporizador:inst1|74160:inst6|9              ; CLOCK      ; CLOCK    ; None                        ; None                      ; 2.632 ns                ;
; N/A                                     ; 351.37 MHz ( period = 2.846 ns )                    ; temporizador:inst1|74160:inst2|9              ; temporizador:inst1|74160:inst5|7              ; CLOCK      ; CLOCK    ; None                        ; None                      ; 2.631 ns                ;
; N/A                                     ; 352.24 MHz ( period = 2.839 ns )                    ; temporizador:inst1|74160:inst2|6              ; temporizador:inst1|74160:inst5|9              ; CLOCK      ; CLOCK    ; None                        ; None                      ; 2.624 ns                ;
; N/A                                     ; 352.49 MHz ( period = 2.837 ns )                    ; temporizador:inst1|74160:inst2|6              ; temporizador:inst1|74160:inst5|8              ; CLOCK      ; CLOCK    ; None                        ; None                      ; 2.622 ns                ;
; N/A                                     ; 353.23 MHz ( period = 2.831 ns )                    ; temporizador:inst1|74160:inst2|9              ; temporizador:inst1|74160:inst6|9              ; CLOCK      ; CLOCK    ; None                        ; None                      ; 2.617 ns                ;
; N/A                                     ; 354.11 MHz ( period = 2.824 ns )                    ; temporizador:inst1|74160:inst2|9              ; temporizador:inst1|74160:inst5|9              ; CLOCK      ; CLOCK    ; None                        ; None                      ; 2.609 ns                ;
; N/A                                     ; 354.36 MHz ( period = 2.822 ns )                    ; temporizador:inst1|74160:inst2|9              ; temporizador:inst1|74160:inst5|8              ; CLOCK      ; CLOCK    ; None                        ; None                      ; 2.607 ns                ;
; N/A                                     ; 354.61 MHz ( period = 2.820 ns )                    ; temporizador:inst1|74161:inst1|f74161:sub|110 ; temporizador:inst1|74160:inst5|6              ; CLOCK      ; CLOCK    ; None                        ; None                      ; 2.605 ns                ;
; N/A                                     ; 354.74 MHz ( period = 2.819 ns )                    ; temporizador:inst1|74161:inst1|f74161:sub|110 ; temporizador:inst1|74160:inst3|9              ; CLOCK      ; CLOCK    ; None                        ; None                      ; 2.603 ns                ;
; N/A                                     ; 354.99 MHz ( period = 2.817 ns )                    ; temporizador:inst1|74161:inst|f74161:sub|87   ; temporizador:inst1|74160:inst6|8              ; CLOCK      ; CLOCK    ; None                        ; None                      ; 2.603 ns                ;
; N/A                                     ; 354.99 MHz ( period = 2.817 ns )                    ; temporizador:inst1|74161:inst|f74161:sub|87   ; temporizador:inst1|74160:inst6|7              ; CLOCK      ; CLOCK    ; None                        ; None                      ; 2.603 ns                ;
; N/A                                     ; 354.99 MHz ( period = 2.817 ns )                    ; temporizador:inst1|74161:inst1|f74161:sub|110 ; temporizador:inst1|74160:inst4|8              ; CLOCK      ; CLOCK    ; None                        ; None                      ; 2.602 ns                ;
; N/A                                     ; 355.11 MHz ( period = 2.816 ns )                    ; temporizador:inst1|74161:inst|f74161:sub|87   ; temporizador:inst1|74160:inst6|6              ; CLOCK      ; CLOCK    ; None                        ; None                      ; 2.602 ns                ;
; N/A                                     ; 355.24 MHz ( period = 2.815 ns )                    ; temporizador:inst1|74161:inst1|f74161:sub|110 ; temporizador:inst1|74160:inst4|7              ; CLOCK      ; CLOCK    ; None                        ; None                      ; 2.600 ns                ;
; N/A                                     ; 355.37 MHz ( period = 2.814 ns )                    ; temporizador:inst1|74161:inst1|f74161:sub|110 ; temporizador:inst1|74160:inst4|9              ; CLOCK      ; CLOCK    ; None                        ; None                      ; 2.599 ns                ;
; N/A                                     ; 355.49 MHz ( period = 2.813 ns )                    ; temporizador:inst1|74161:inst|f74161:sub|87   ; temporizador:inst1|74160:inst5|7              ; CLOCK      ; CLOCK    ; None                        ; None                      ; 2.598 ns                ;
; N/A                                     ; 357.40 MHz ( period = 2.798 ns )                    ; temporizador:inst1|74161:inst|f74161:sub|87   ; temporizador:inst1|74160:inst6|9              ; CLOCK      ; CLOCK    ; None                        ; None                      ; 2.584 ns                ;
; N/A                                     ; 358.29 MHz ( period = 2.791 ns )                    ; temporizador:inst1|74161:inst|f74161:sub|87   ; temporizador:inst1|74160:inst5|9              ; CLOCK      ; CLOCK    ; None                        ; None                      ; 2.576 ns                ;
; N/A                                     ; 358.55 MHz ( period = 2.789 ns )                    ; temporizador:inst1|74161:inst|f74161:sub|87   ; temporizador:inst1|74160:inst5|8              ; CLOCK      ; CLOCK    ; None                        ; None                      ; 2.574 ns                ;
; N/A                                     ; 359.07 MHz ( period = 2.785 ns )                    ; temporizador:inst1|74161:inst1|f74161:sub|99  ; temporizador:inst1|74160:inst5|6              ; CLOCK      ; CLOCK    ; None                        ; None                      ; 2.570 ns                ;
; N/A                                     ; 359.20 MHz ( period = 2.784 ns )                    ; temporizador:inst1|74161:inst1|f74161:sub|99  ; temporizador:inst1|74160:inst3|9              ; CLOCK      ; CLOCK    ; None                        ; None                      ; 2.568 ns                ;
; N/A                                     ; 359.45 MHz ( period = 2.782 ns )                    ; temporizador:inst1|74161:inst1|f74161:sub|99  ; temporizador:inst1|74160:inst4|8              ; CLOCK      ; CLOCK    ; None                        ; None                      ; 2.567 ns                ;
; N/A                                     ; 359.71 MHz ( period = 2.780 ns )                    ; temporizador:inst1|74161:inst1|f74161:sub|99  ; temporizador:inst1|74160:inst4|7              ; CLOCK      ; CLOCK    ; None                        ; None                      ; 2.565 ns                ;
; N/A                                     ; 359.84 MHz ( period = 2.779 ns )                    ; temporizador:inst1|74161:inst1|f74161:sub|99  ; temporizador:inst1|74160:inst4|9              ; CLOCK      ; CLOCK    ; None                        ; None                      ; 2.564 ns                ;
; N/A                                     ; 359.84 MHz ( period = 2.779 ns )                    ; temporizador:inst1|74161:inst|f74161:sub|99   ; temporizador:inst1|74161:inst1|f74161:sub|110 ; CLOCK      ; CLOCK    ; None                        ; None                      ; 2.565 ns                ;
; N/A                                     ; 364.43 MHz ( period = 2.744 ns )                    ; temporizador:inst1|74161:inst|f74161:sub|110  ; temporizador:inst1|74161:inst1|f74161:sub|110 ; CLOCK      ; CLOCK    ; None                        ; None                      ; 2.530 ns                ;
; N/A                                     ; 365.23 MHz ( period = 2.738 ns )                    ; temporizador:inst1|74161:inst|f74161:sub|9    ; temporizador:inst1|74160:inst2|8              ; CLOCK      ; CLOCK    ; None                        ; None                      ; 2.524 ns                ;
; N/A                                     ; 365.36 MHz ( period = 2.737 ns )                    ; temporizador:inst1|74161:inst|f74161:sub|9    ; temporizador:inst1|74160:inst2|9              ; CLOCK      ; CLOCK    ; None                        ; None                      ; 2.523 ns                ;
; N/A                                     ; 365.36 MHz ( period = 2.737 ns )                    ; temporizador:inst1|74161:inst|f74161:sub|9    ; temporizador:inst1|74160:inst2|7              ; CLOCK      ; CLOCK    ; None                        ; None                      ; 2.523 ns                ;
; N/A                                     ; 371.61 MHz ( period = 2.691 ns )                    ; temporizador:inst1|74161:inst|f74161:sub|99   ; temporizador:inst1|74160:inst5|6              ; CLOCK      ; CLOCK    ; None                        ; None                      ; 2.476 ns                ;
; N/A                                     ; 371.75 MHz ( period = 2.690 ns )                    ; temporizador:inst1|74161:inst|f74161:sub|99   ; temporizador:inst1|74160:inst3|9              ; CLOCK      ; CLOCK    ; None                        ; None                      ; 2.474 ns                ;
; N/A                                     ; 372.02 MHz ( period = 2.688 ns )                    ; temporizador:inst1|74161:inst|f74161:sub|99   ; temporizador:inst1|74160:inst4|8              ; CLOCK      ; CLOCK    ; None                        ; None                      ; 2.473 ns                ;
; N/A                                     ; 372.30 MHz ( period = 2.686 ns )                    ; temporizador:inst1|74161:inst|f74161:sub|99   ; temporizador:inst1|74160:inst4|7              ; CLOCK      ; CLOCK    ; None                        ; None                      ; 2.471 ns                ;
; N/A                                     ; 372.44 MHz ( period = 2.685 ns )                    ; temporizador:inst1|74161:inst|f74161:sub|99   ; temporizador:inst1|74160:inst4|9              ; CLOCK      ; CLOCK    ; None                        ; None                      ; 2.470 ns                ;
; N/A                                     ; 373.69 MHz ( period = 2.676 ns )                    ; temporizador:inst1|74160:inst3|9              ; temporizador:inst1|74160:inst6|8              ; CLOCK      ; CLOCK    ; None                        ; None                      ; 2.464 ns                ;
; N/A                                     ; 373.69 MHz ( period = 2.676 ns )                    ; temporizador:inst1|74160:inst3|9              ; temporizador:inst1|74160:inst6|7              ; CLOCK      ; CLOCK    ; None                        ; None                      ; 2.464 ns                ;
; N/A                                     ; 373.69 MHz ( period = 2.676 ns )                    ; temporizador:inst1|74161:inst1|f74161:sub|87  ; temporizador:inst1|74160:inst5|6              ; CLOCK      ; CLOCK    ; None                        ; None                      ; 2.461 ns                ;
; N/A                                     ; 373.83 MHz ( period = 2.675 ns )                    ; temporizador:inst1|74160:inst3|9              ; temporizador:inst1|74160:inst6|6              ; CLOCK      ; CLOCK    ; None                        ; None                      ; 2.463 ns                ;
; N/A                                     ; 373.83 MHz ( period = 2.675 ns )                    ; temporizador:inst1|74161:inst1|f74161:sub|87  ; temporizador:inst1|74160:inst3|9              ; CLOCK      ; CLOCK    ; None                        ; None                      ; 2.459 ns                ;
; N/A                                     ; 374.11 MHz ( period = 2.673 ns )                    ; temporizador:inst1|74161:inst1|f74161:sub|87  ; temporizador:inst1|74160:inst4|8              ; CLOCK      ; CLOCK    ; None                        ; None                      ; 2.458 ns                ;
; N/A                                     ; 374.25 MHz ( period = 2.672 ns )                    ; temporizador:inst1|74160:inst3|9              ; temporizador:inst1|74160:inst5|7              ; CLOCK      ; CLOCK    ; None                        ; None                      ; 2.459 ns                ;
; N/A                                     ; 374.39 MHz ( period = 2.671 ns )                    ; temporizador:inst1|74161:inst1|f74161:sub|87  ; temporizador:inst1|74160:inst4|7              ; CLOCK      ; CLOCK    ; None                        ; None                      ; 2.456 ns                ;
; N/A                                     ; 374.53 MHz ( period = 2.670 ns )                    ; temporizador:inst1|74161:inst1|f74161:sub|87  ; temporizador:inst1|74160:inst4|9              ; CLOCK      ; CLOCK    ; None                        ; None                      ; 2.455 ns                ;
; N/A                                     ; 376.36 MHz ( period = 2.657 ns )                    ; temporizador:inst1|74160:inst3|9              ; temporizador:inst1|74160:inst6|9              ; CLOCK      ; CLOCK    ; None                        ; None                      ; 2.445 ns                ;
; N/A                                     ; 376.51 MHz ( period = 2.656 ns )                    ; temporizador:inst1|74161:inst|f74161:sub|110  ; temporizador:inst1|74160:inst5|6              ; CLOCK      ; CLOCK    ; None                        ; None                      ; 2.441 ns                ;
; N/A                                     ; 376.65 MHz ( period = 2.655 ns )                    ; temporizador:inst1|74161:inst|f74161:sub|110  ; temporizador:inst1|74160:inst3|9              ; CLOCK      ; CLOCK    ; None                        ; None                      ; 2.439 ns                ;
; N/A                                     ; 376.93 MHz ( period = 2.653 ns )                    ; temporizador:inst1|74161:inst|f74161:sub|110  ; temporizador:inst1|74160:inst4|8              ; CLOCK      ; CLOCK    ; None                        ; None                      ; 2.438 ns                ;
; N/A                                     ; 377.07 MHz ( period = 2.652 ns )                    ; temporizador:inst1|74160:inst3|6              ; temporizador:inst1|74160:inst6|8              ; CLOCK      ; CLOCK    ; None                        ; None                      ; 2.440 ns                ;
; N/A                                     ; 377.07 MHz ( period = 2.652 ns )                    ; temporizador:inst1|74160:inst3|6              ; temporizador:inst1|74160:inst6|7              ; CLOCK      ; CLOCK    ; None                        ; None                      ; 2.440 ns                ;
; N/A                                     ; 377.22 MHz ( period = 2.651 ns )                    ; temporizador:inst1|74160:inst3|6              ; temporizador:inst1|74160:inst6|6              ; CLOCK      ; CLOCK    ; None                        ; None                      ; 2.439 ns                ;
; N/A                                     ; 377.22 MHz ( period = 2.651 ns )                    ; temporizador:inst1|74161:inst|f74161:sub|110  ; temporizador:inst1|74160:inst4|7              ; CLOCK      ; CLOCK    ; None                        ; None                      ; 2.436 ns                ;
; N/A                                     ; 377.36 MHz ( period = 2.650 ns )                    ; temporizador:inst1|74160:inst3|9              ; temporizador:inst1|74160:inst5|9              ; CLOCK      ; CLOCK    ; None                        ; None                      ; 2.437 ns                ;
; N/A                                     ; 377.36 MHz ( period = 2.650 ns )                    ; temporizador:inst1|74161:inst|f74161:sub|110  ; temporizador:inst1|74160:inst4|9              ; CLOCK      ; CLOCK    ; None                        ; None                      ; 2.435 ns                ;
; N/A                                     ; 377.64 MHz ( period = 2.648 ns )                    ; temporizador:inst1|74160:inst3|6              ; temporizador:inst1|74160:inst5|7              ; CLOCK      ; CLOCK    ; None                        ; None                      ; 2.435 ns                ;
; N/A                                     ; 377.64 MHz ( period = 2.648 ns )                    ; temporizador:inst1|74160:inst3|9              ; temporizador:inst1|74160:inst5|8              ; CLOCK      ; CLOCK    ; None                        ; None                      ; 2.435 ns                ;
; N/A                                     ; 379.79 MHz ( period = 2.633 ns )                    ; temporizador:inst1|74160:inst3|6              ; temporizador:inst1|74160:inst6|9              ; CLOCK      ; CLOCK    ; None                        ; None                      ; 2.421 ns                ;
; N/A                                     ; 380.08 MHz ( period = 2.631 ns )                    ; temporizador:inst1|74161:inst|f74161:sub|9    ; temporizador:inst1|74161:inst1|f74161:sub|110 ; CLOCK      ; CLOCK    ; None                        ; None                      ; 2.417 ns                ;
; N/A                                     ; 380.81 MHz ( period = 2.626 ns )                    ; temporizador:inst1|74160:inst3|6              ; temporizador:inst1|74160:inst5|9              ; CLOCK      ; CLOCK    ; None                        ; None                      ; 2.413 ns                ;
; N/A                                     ; 381.10 MHz ( period = 2.624 ns )                    ; temporizador:inst1|74160:inst3|6              ; temporizador:inst1|74160:inst5|8              ; CLOCK      ; CLOCK    ; None                        ; None                      ; 2.411 ns                ;
; N/A                                     ; 382.56 MHz ( period = 2.614 ns )                    ; temporizador:inst1|74161:inst|f74161:sub|87   ; temporizador:inst1|74160:inst2|8              ; CLOCK      ; CLOCK    ; None                        ; None                      ; 2.400 ns                ;
; N/A                                     ; 382.70 MHz ( period = 2.613 ns )                    ; temporizador:inst1|74161:inst|f74161:sub|87   ; temporizador:inst1|74160:inst2|9              ; CLOCK      ; CLOCK    ; None                        ; None                      ; 2.399 ns                ;
; N/A                                     ; 382.70 MHz ( period = 2.613 ns )                    ; temporizador:inst1|74161:inst|f74161:sub|87   ; temporizador:inst1|74160:inst2|7              ; CLOCK      ; CLOCK    ; None                        ; None                      ; 2.399 ns                ;
; N/A                                     ; 393.24 MHz ( period = 2.543 ns )                    ; temporizador:inst1|74161:inst|f74161:sub|9    ; temporizador:inst1|74160:inst5|6              ; CLOCK      ; CLOCK    ; None                        ; None                      ; 2.328 ns                ;
; N/A                                     ; 393.39 MHz ( period = 2.542 ns )                    ; temporizador:inst1|74161:inst|f74161:sub|9    ; temporizador:inst1|74160:inst3|9              ; CLOCK      ; CLOCK    ; None                        ; None                      ; 2.326 ns                ;
; N/A                                     ; 393.70 MHz ( period = 2.540 ns )                    ; temporizador:inst1|74161:inst|f74161:sub|9    ; temporizador:inst1|74160:inst4|8              ; CLOCK      ; CLOCK    ; None                        ; None                      ; 2.325 ns                ;
; N/A                                     ; 394.01 MHz ( period = 2.538 ns )                    ; temporizador:inst1|74161:inst1|f74161:sub|9   ; temporizador:inst1|74160:inst5|6              ; CLOCK      ; CLOCK    ; None                        ; None                      ; 2.323 ns                ;
; N/A                                     ; 394.01 MHz ( period = 2.538 ns )                    ; temporizador:inst1|74161:inst|f74161:sub|9    ; temporizador:inst1|74160:inst4|7              ; CLOCK      ; CLOCK    ; None                        ; None                      ; 2.323 ns                ;
; N/A                                     ; 394.17 MHz ( period = 2.537 ns )                    ; temporizador:inst1|74161:inst|f74161:sub|9    ; temporizador:inst1|74160:inst4|9              ; CLOCK      ; CLOCK    ; None                        ; None                      ; 2.322 ns                ;
; N/A                                     ; 394.17 MHz ( period = 2.537 ns )                    ; temporizador:inst1|74161:inst1|f74161:sub|9   ; temporizador:inst1|74160:inst3|9              ; CLOCK      ; CLOCK    ; None                        ; None                      ; 2.321 ns                ;
; N/A                                     ; 394.48 MHz ( period = 2.535 ns )                    ; temporizador:inst1|74161:inst1|f74161:sub|9   ; temporizador:inst1|74160:inst4|8              ; CLOCK      ; CLOCK    ; None                        ; None                      ; 2.320 ns                ;
; N/A                                     ; 394.79 MHz ( period = 2.533 ns )                    ; temporizador:inst1|74160:inst4|6              ; temporizador:inst1|74160:inst6|8              ; CLOCK      ; CLOCK    ; None                        ; None                      ; 2.321 ns                ;
; N/A                                     ; 394.79 MHz ( period = 2.533 ns )                    ; temporizador:inst1|74160:inst4|6              ; temporizador:inst1|74160:inst6|7              ; CLOCK      ; CLOCK    ; None                        ; None                      ; 2.321 ns                ;
; N/A                                     ; 394.79 MHz ( period = 2.533 ns )                    ; temporizador:inst1|74161:inst1|f74161:sub|9   ; temporizador:inst1|74160:inst4|7              ; CLOCK      ; CLOCK    ; None                        ; None                      ; 2.318 ns                ;
; N/A                                     ; 394.94 MHz ( period = 2.532 ns )                    ; temporizador:inst1|74160:inst4|6              ; temporizador:inst1|74160:inst6|6              ; CLOCK      ; CLOCK    ; None                        ; None                      ; 2.320 ns                ;
; N/A                                     ; 394.94 MHz ( period = 2.532 ns )                    ; temporizador:inst1|74161:inst1|f74161:sub|9   ; temporizador:inst1|74160:inst4|9              ; CLOCK      ; CLOCK    ; None                        ; None                      ; 2.317 ns                ;
; N/A                                     ; 395.41 MHz ( period = 2.529 ns )                    ; temporizador:inst1|74160:inst4|6              ; temporizador:inst1|74160:inst5|7              ; CLOCK      ; CLOCK    ; None                        ; None                      ; 2.316 ns                ;
; N/A                                     ; 397.77 MHz ( period = 2.514 ns )                    ; temporizador:inst1|74160:inst4|6              ; temporizador:inst1|74160:inst6|9              ; CLOCK      ; CLOCK    ; None                        ; None                      ; 2.302 ns                ;
; N/A                                     ; 398.88 MHz ( period = 2.507 ns )                    ; temporizador:inst1|74160:inst4|6              ; temporizador:inst1|74160:inst5|9              ; CLOCK      ; CLOCK    ; None                        ; None                      ; 2.294 ns                ;
; N/A                                     ; 398.88 MHz ( period = 2.507 ns )                    ; temporizador:inst1|74161:inst|f74161:sub|87   ; temporizador:inst1|74161:inst1|f74161:sub|110 ; CLOCK      ; CLOCK    ; None                        ; None                      ; 2.293 ns                ;
; N/A                                     ; 399.20 MHz ( period = 2.505 ns )                    ; temporizador:inst1|74160:inst4|6              ; temporizador:inst1|74160:inst5|8              ; CLOCK      ; CLOCK    ; None                        ; None                      ; 2.292 ns                ;
; N/A                                     ; 404.04 MHz ( period = 2.475 ns )                    ; temporizador:inst1|74161:inst|f74161:sub|99   ; temporizador:inst1|74160:inst2|6              ; CLOCK      ; CLOCK    ; None                        ; None                      ; 2.261 ns                ;
; N/A                                     ; 405.35 MHz ( period = 2.467 ns )                    ; temporizador:inst1|74160:inst2|6              ; temporizador:inst1|74160:inst5|6              ; CLOCK      ; CLOCK    ; None                        ; None                      ; 2.252 ns                ;
; N/A                                     ; 405.52 MHz ( period = 2.466 ns )                    ; temporizador:inst1|74160:inst2|6              ; temporizador:inst1|74160:inst3|9              ; CLOCK      ; CLOCK    ; None                        ; None                      ; 2.250 ns                ;
; N/A                                     ; 405.84 MHz ( period = 2.464 ns )                    ; temporizador:inst1|74160:inst2|6              ; temporizador:inst1|74160:inst4|8              ; CLOCK      ; CLOCK    ; None                        ; None                      ; 2.249 ns                ;
; N/A                                     ; 406.17 MHz ( period = 2.462 ns )                    ; temporizador:inst1|74160:inst2|6              ; temporizador:inst1|74160:inst4|7              ; CLOCK      ; CLOCK    ; None                        ; None                      ; 2.247 ns                ;
; N/A                                     ; 406.34 MHz ( period = 2.461 ns )                    ; temporizador:inst1|74160:inst2|6              ; temporizador:inst1|74160:inst4|9              ; CLOCK      ; CLOCK    ; None                        ; None                      ; 2.246 ns                ;
; N/A                                     ; 407.83 MHz ( period = 2.452 ns )                    ; temporizador:inst1|74160:inst2|9              ; temporizador:inst1|74160:inst5|6              ; CLOCK      ; CLOCK    ; None                        ; None                      ; 2.237 ns                ;
; N/A                                     ; 408.00 MHz ( period = 2.451 ns )                    ; temporizador:inst1|74160:inst2|9              ; temporizador:inst1|74160:inst3|9              ; CLOCK      ; CLOCK    ; None                        ; None                      ; 2.235 ns                ;
; N/A                                     ; 408.33 MHz ( period = 2.449 ns )                    ; temporizador:inst1|74160:inst2|9              ; temporizador:inst1|74160:inst4|8              ; CLOCK      ; CLOCK    ; None                        ; None                      ; 2.234 ns                ;
; N/A                                     ; 408.66 MHz ( period = 2.447 ns )                    ; temporizador:inst1|74160:inst2|9              ; temporizador:inst1|74160:inst4|7              ; CLOCK      ; CLOCK    ; None                        ; None                      ; 2.232 ns                ;
; N/A                                     ; 408.83 MHz ( period = 2.446 ns )                    ; temporizador:inst1|74160:inst2|9              ; temporizador:inst1|74160:inst4|9              ; CLOCK      ; CLOCK    ; None                        ; None                      ; 2.231 ns                ;
; N/A                                     ; 409.84 MHz ( period = 2.440 ns )                    ; temporizador:inst1|74161:inst|f74161:sub|110  ; temporizador:inst1|74160:inst2|6              ; CLOCK      ; CLOCK    ; None                        ; None                      ; 2.226 ns                ;
; N/A                                     ; 411.69 MHz ( period = 2.429 ns )                    ; temporizador:inst1|74161:inst1|f74161:sub|110 ; temporizador:inst1|74160:inst3|7              ; CLOCK      ; CLOCK    ; None                        ; None                      ; 2.213 ns                ;
; N/A                                     ; 412.03 MHz ( period = 2.427 ns )                    ; temporizador:inst1|74161:inst1|f74161:sub|110 ; temporizador:inst1|74160:inst4|6              ; CLOCK      ; CLOCK    ; None                        ; None                      ; 2.211 ns                ;
; N/A                                     ; 412.03 MHz ( period = 2.427 ns )                    ; temporizador:inst1|74161:inst1|f74161:sub|110 ; temporizador:inst1|74160:inst3|8              ; CLOCK      ; CLOCK    ; None                        ; None                      ; 2.211 ns                ;
; N/A                                     ; 412.20 MHz ( period = 2.426 ns )                    ; temporizador:inst1|74161:inst1|f74161:sub|110 ; temporizador:inst1|74160:inst3|6              ; CLOCK      ; CLOCK    ; None                        ; None                      ; 2.210 ns                ;
; N/A                                     ; 413.39 MHz ( period = 2.419 ns )                    ; temporizador:inst1|74161:inst|f74161:sub|87   ; temporizador:inst1|74160:inst5|6              ; CLOCK      ; CLOCK    ; None                        ; None                      ; 2.204 ns                ;
; N/A                                     ; 413.56 MHz ( period = 2.418 ns )                    ; temporizador:inst1|74161:inst|f74161:sub|87   ; temporizador:inst1|74160:inst3|9              ; CLOCK      ; CLOCK    ; None                        ; None                      ; 2.202 ns                ;
; N/A                                     ; 413.91 MHz ( period = 2.416 ns )                    ; temporizador:inst1|74161:inst|f74161:sub|87   ; temporizador:inst1|74160:inst4|8              ; CLOCK      ; CLOCK    ; None                        ; None                      ; 2.201 ns                ;
; N/A                                     ; 414.25 MHz ( period = 2.414 ns )                    ; temporizador:inst1|74161:inst|f74161:sub|87   ; temporizador:inst1|74160:inst4|7              ; CLOCK      ; CLOCK    ; None                        ; None                      ; 2.199 ns                ;
; N/A                                     ; 414.42 MHz ( period = 2.413 ns )                    ; temporizador:inst1|74161:inst|f74161:sub|87   ; temporizador:inst1|74160:inst4|9              ; CLOCK      ; CLOCK    ; None                        ; None                      ; 2.198 ns                ;
; N/A                                     ; 417.71 MHz ( period = 2.394 ns )                    ; temporizador:inst1|74161:inst1|f74161:sub|99  ; temporizador:inst1|74160:inst3|7              ; CLOCK      ; CLOCK    ; None                        ; None                      ; 2.178 ns                ;
; N/A                                     ; 418.06 MHz ( period = 2.392 ns )                    ; temporizador:inst1|74161:inst1|f74161:sub|99  ; temporizador:inst1|74160:inst4|6              ; CLOCK      ; CLOCK    ; None                        ; None                      ; 2.176 ns                ;
; N/A                                     ; 418.06 MHz ( period = 2.392 ns )                    ; temporizador:inst1|74161:inst1|f74161:sub|99  ; temporizador:inst1|74160:inst3|8              ; CLOCK      ; CLOCK    ; None                        ; None                      ; 2.176 ns                ;
; N/A                                     ; 418.24 MHz ( period = 2.391 ns )                    ; temporizador:inst1|74161:inst1|f74161:sub|99  ; temporizador:inst1|74160:inst3|6              ; CLOCK      ; CLOCK    ; None                        ; None                      ; 2.175 ns                ;
; N/A                                     ; Restricted to 420.17 MHz ( period = 2.380 ns )      ; temporizador:inst1|74161:inst|f74161:sub|9    ; temporizador:inst1|74160:inst2|6              ; CLOCK      ; CLOCK    ; None                        ; None                      ; 2.113 ns                ;
; N/A                                     ; Restricted to 420.17 MHz ( period = 2.380 ns )      ; temporizador:inst1|74161:inst|f74161:sub|99   ; temporizador:inst1|74160:inst3|7              ; CLOCK      ; CLOCK    ; None                        ; None                      ; 2.084 ns                ;
; N/A                                     ; Restricted to 420.17 MHz ( period = 2.380 ns )      ; temporizador:inst1|74161:inst|f74161:sub|99   ; temporizador:inst1|74160:inst4|6              ; CLOCK      ; CLOCK    ; None                        ; None                      ; 2.082 ns                ;
; N/A                                     ; Restricted to 420.17 MHz ( period = 2.380 ns )      ; temporizador:inst1|74161:inst|f74161:sub|99   ; temporizador:inst1|74160:inst3|8              ; CLOCK      ; CLOCK    ; None                        ; None                      ; 2.082 ns                ;
; N/A                                     ; Restricted to 420.17 MHz ( period = 2.380 ns )      ; temporizador:inst1|74161:inst|f74161:sub|99   ; temporizador:inst1|74160:inst3|6              ; CLOCK      ; CLOCK    ; None                        ; None                      ; 2.081 ns                ;
; N/A                                     ; Restricted to 420.17 MHz ( period = 2.380 ns )      ; temporizador:inst1|74161:inst1|f74161:sub|87  ; temporizador:inst1|74160:inst2|8              ; CLOCK      ; CLOCK    ; None                        ; None                      ; 2.077 ns                ;
; N/A                                     ; Restricted to 420.17 MHz ( period = 2.380 ns )      ; temporizador:inst1|74161:inst1|f74161:sub|87  ; temporizador:inst1|74160:inst2|9              ; CLOCK      ; CLOCK    ; None                        ; None                      ; 2.076 ns                ;
; N/A                                     ; Restricted to 420.17 MHz ( period = 2.380 ns )      ; temporizador:inst1|74161:inst1|f74161:sub|87  ; temporizador:inst1|74160:inst2|7              ; CLOCK      ; CLOCK    ; None                        ; None                      ; 2.076 ns                ;
; N/A                                     ; Restricted to 420.17 MHz ( period = 2.380 ns )      ; temporizador:inst1|74161:inst1|f74161:sub|87  ; temporizador:inst1|74160:inst3|7              ; CLOCK      ; CLOCK    ; None                        ; None                      ; 2.069 ns                ;
; N/A                                     ; Restricted to 420.17 MHz ( period = 2.380 ns )      ; temporizador:inst1|74161:inst1|f74161:sub|87  ; temporizador:inst1|74160:inst4|6              ; CLOCK      ; CLOCK    ; None                        ; None                      ; 2.067 ns                ;
; N/A                                     ; Restricted to 420.17 MHz ( period = 2.380 ns )      ; temporizador:inst1|74161:inst1|f74161:sub|87  ; temporizador:inst1|74160:inst3|8              ; CLOCK      ; CLOCK    ; None                        ; None                      ; 2.067 ns                ;
; N/A                                     ; Restricted to 420.17 MHz ( period = 2.380 ns )      ; temporizador:inst1|74161:inst1|f74161:sub|87  ; temporizador:inst1|74160:inst3|6              ; CLOCK      ; CLOCK    ; None                        ; None                      ; 2.066 ns                ;
; N/A                                     ; Restricted to 420.17 MHz ( period = 2.380 ns )      ; temporizador:inst1|74160:inst3|9              ; temporizador:inst1|74160:inst5|6              ; CLOCK      ; CLOCK    ; None                        ; None                      ; 2.065 ns                ;
; N/A                                     ; Restricted to 420.17 MHz ( period = 2.380 ns )      ; temporizador:inst1|74160:inst3|9              ; temporizador:inst1|74160:inst4|8              ; CLOCK      ; CLOCK    ; None                        ; None                      ; 2.062 ns                ;
; N/A                                     ; Restricted to 420.17 MHz ( period = 2.380 ns )      ; temporizador:inst1|74160:inst3|9              ; temporizador:inst1|74160:inst4|7              ; CLOCK      ; CLOCK    ; None                        ; None                      ; 2.060 ns                ;
; N/A                                     ; Restricted to 420.17 MHz ( period = 2.380 ns )      ; temporizador:inst1|74160:inst3|9              ; temporizador:inst1|74160:inst4|9              ; CLOCK      ; CLOCK    ; None                        ; None                      ; 2.059 ns                ;
; N/A                                     ; Restricted to 420.17 MHz ( period = 2.380 ns )      ; temporizador:inst1|74160:inst5|6              ; temporizador:inst1|74160:inst6|8              ; CLOCK      ; CLOCK    ; None                        ; None                      ; 2.055 ns                ;
; N/A                                     ; Restricted to 420.17 MHz ( period = 2.380 ns )      ; temporizador:inst1|74160:inst5|6              ; temporizador:inst1|74160:inst6|7              ; CLOCK      ; CLOCK    ; None                        ; None                      ; 2.055 ns                ;
; N/A                                     ; Restricted to 420.17 MHz ( period = 2.380 ns )      ; temporizador:inst1|74160:inst5|6              ; temporizador:inst1|74160:inst6|6              ; CLOCK      ; CLOCK    ; None                        ; None                      ; 2.054 ns                ;
; N/A                                     ; Restricted to 420.17 MHz ( period = 2.380 ns )      ; temporizador:inst1|74161:inst|f74161:sub|110  ; temporizador:inst1|74160:inst3|7              ; CLOCK      ; CLOCK    ; None                        ; None                      ; 2.049 ns                ;
; N/A                                     ; Restricted to 420.17 MHz ( period = 2.380 ns )      ; temporizador:inst1|74161:inst|f74161:sub|110  ; temporizador:inst1|74160:inst4|6              ; CLOCK      ; CLOCK    ; None                        ; None                      ; 2.047 ns                ;
; N/A                                     ; Restricted to 420.17 MHz ( period = 2.380 ns )      ; temporizador:inst1|74161:inst|f74161:sub|110  ; temporizador:inst1|74160:inst3|8              ; CLOCK      ; CLOCK    ; None                        ; None                      ; 2.047 ns                ;
; N/A                                     ; Restricted to 420.17 MHz ( period = 2.380 ns )      ; temporizador:inst1|74161:inst|f74161:sub|110  ; temporizador:inst1|74160:inst3|6              ; CLOCK      ; CLOCK    ; None                        ; None                      ; 2.046 ns                ;
; N/A                                     ; Restricted to 420.17 MHz ( period = 2.380 ns )      ; temporizador:inst1|74160:inst3|6              ; temporizador:inst1|74160:inst5|6              ; CLOCK      ; CLOCK    ; None                        ; None                      ; 2.041 ns                ;
; N/A                                     ; Restricted to 420.17 MHz ( period = 2.380 ns )      ; temporizador:inst1|74160:inst3|6              ; temporizador:inst1|74160:inst4|8              ; CLOCK      ; CLOCK    ; None                        ; None                      ; 2.038 ns                ;
; N/A                                     ; Restricted to 420.17 MHz ( period = 2.380 ns )      ; temporizador:inst1|74160:inst5|6              ; temporizador:inst1|74160:inst6|9              ; CLOCK      ; CLOCK    ; None                        ; None                      ; 2.036 ns                ;
; N/A                                     ; Restricted to 420.17 MHz ( period = 2.380 ns )      ; temporizador:inst1|74160:inst3|6              ; temporizador:inst1|74160:inst4|7              ; CLOCK      ; CLOCK    ; None                        ; None                      ; 2.036 ns                ;
; N/A                                     ; Restricted to 420.17 MHz ( period = 2.380 ns )      ; temporizador:inst1|74160:inst3|6              ; temporizador:inst1|74160:inst4|9              ; CLOCK      ; CLOCK    ; None                        ; None                      ; 2.035 ns                ;
; N/A                                     ; Restricted to 420.17 MHz ( period = 2.380 ns )      ; temporizador:inst1|74160:inst4|9              ; temporizador:inst1|74160:inst5|7              ; CLOCK      ; CLOCK    ; None                        ; None                      ; 2.026 ns                ;
; N/A                                     ; Restricted to 420.17 MHz ( period = 2.380 ns )      ; temporizador:inst1|74160:inst4|9              ; temporizador:inst1|74160:inst5|9              ; CLOCK      ; CLOCK    ; None                        ; None                      ; 2.004 ns                ;
; N/A                                     ; Restricted to 420.17 MHz ( period = 2.380 ns )      ; temporizador:inst1|74160:inst4|9              ; temporizador:inst1|74160:inst5|8              ; CLOCK      ; CLOCK    ; None                        ; None                      ; 2.002 ns                ;
; N/A                                     ; Restricted to 420.17 MHz ( period = 2.380 ns )      ; temporizador:inst1|74161:inst|f74161:sub|87   ; temporizador:inst1|74160:inst2|6              ; CLOCK      ; CLOCK    ; None                        ; None                      ; 1.989 ns                ;
; N/A                                     ; Restricted to 420.17 MHz ( period = 2.380 ns )      ; temporizador:inst1|74161:inst1|f74161:sub|87  ; temporizador:inst1|74161:inst1|f74161:sub|110 ; CLOCK      ; CLOCK    ; None                        ; None                      ; 1.970 ns                ;
; Timing analysis restricted to 200 rows. ; To change the limit use Settings (Assignments menu) ;                                               ;                                               ;            ;          ;                             ;                           ;                         ;
+-----------------------------------------+-----------------------------------------------------+-----------------------------------------------+-----------------------------------------------+------------+----------+-----------------------------+---------------------------+-------------------------+


+-------------------------------------------------------------------------------------------+
; tco                                                                                       ;
+-------+--------------+------------+----------------------------------+-------+------------+
; Slack ; Required tco ; Actual tco ; From                             ; To    ; From Clock ;
+-------+--------------+------------+----------------------------------+-------+------------+
; N/A   ; None         ; 10.410 ns  ; temporizador:inst1|74160:inst6|9 ; LED1S ; CLOCK      ;
; N/A   ; None         ; 10.016 ns  ; temporizador:inst1|74160:inst6|8 ; LED1S ; CLOCK      ;
; N/A   ; None         ; 9.985 ns   ; temporizador:inst1|74160:inst6|6 ; LED1S ; CLOCK      ;
; N/A   ; None         ; 9.711 ns   ; temporizador:inst1|74160:inst6|7 ; LED1S ; CLOCK      ;
+-------+--------------+------------+----------------------------------+-------+------------+


+--------------------------+
; Timing Analyzer Messages ;
+--------------------------+
Info: *******************************************************************
Info: Running Quartus II Classic Timing Analyzer
    Info: Version 9.1 Build 350 03/24/2010 Service Pack 2 SJ Web Edition
    Info: Processing started: Fri Feb 23 15:18:27 2024
Info: Command: quartus_tan --read_settings_files=off --write_settings_files=off minutos -c minutos --timing_analysis_only
Warning: Timing Analysis is analyzing one or more combinational loops as latches
    Warning: Node "temporizador:inst1|inst11~latch" is a latch
Warning: Found pins functioning as undefined clocks and/or memory enables
    Info: Assuming node "CLOCK" is an undefined clock
Info: Clock "CLOCK" has Internal fmax of 310.75 MHz between source register "temporizador:inst1|74161:inst1|f74161:sub|110" and destination register "temporizador:inst1|74160:inst6|8" (period= 3.218 ns)
    Info: + Longest register to register delay is 3.004 ns
        Info: 1: + IC(0.000 ns) + CELL(0.000 ns) = 0.000 ns; Loc. = LCFF_X47_Y23_N13; Fanout = 4; REG Node = 'temporizador:inst1|74161:inst1|f74161:sub|110'
        Info: 2: + IC(0.337 ns) + CELL(0.410 ns) = 0.747 ns; Loc. = LCCOMB_X47_Y23_N4; Fanout = 1; COMB Node = 'temporizador:inst1|74160:inst2|45~0'
        Info: 3: + IC(0.253 ns) + CELL(0.275 ns) = 1.275 ns; Loc. = LCCOMB_X47_Y23_N22; Fanout = 6; COMB Node = 'temporizador:inst1|74160:inst2|45'
        Info: 4: + IC(0.256 ns) + CELL(0.150 ns) = 1.681 ns; Loc. = LCCOMB_X47_Y23_N0; Fanout = 6; COMB Node = 'temporizador:inst1|74160:inst4|45~0'
        Info: 5: + IC(0.262 ns) + CELL(0.150 ns) = 2.093 ns; Loc. = LCCOMB_X47_Y23_N10; Fanout = 5; COMB Node = 'temporizador:inst1|74160:inst5|45'
        Info: 6: + IC(0.677 ns) + CELL(0.150 ns) = 2.920 ns; Loc. = LCCOMB_X49_Y23_N26; Fanout = 1; COMB Node = 'temporizador:inst1|74160:inst6|8~0'
        Info: 7: + IC(0.000 ns) + CELL(0.084 ns) = 3.004 ns; Loc. = LCFF_X49_Y23_N27; Fanout = 4; REG Node = 'temporizador:inst1|74160:inst6|8'
        Info: Total cell delay = 1.219 ns ( 40.58 % )
        Info: Total interconnect delay = 1.785 ns ( 59.42 % )
    Info: - Smallest clock skew is 0.000 ns
        Info: + Shortest clock path from clock "CLOCK" to destination register is 2.640 ns
            Info: 1: + IC(0.000 ns) + CELL(0.979 ns) = 0.979 ns; Loc. = PIN_D13; Fanout = 1; CLK Node = 'CLOCK'
            Info: 2: + IC(0.113 ns) + CELL(0.000 ns) = 1.092 ns; Loc. = CLKCTRL_G11; Fanout = 28; COMB Node = 'CLOCK~clkctrl'
            Info: 3: + IC(1.011 ns) + CELL(0.537 ns) = 2.640 ns; Loc. = LCFF_X49_Y23_N27; Fanout = 4; REG Node = 'temporizador:inst1|74160:inst6|8'
            Info: Total cell delay = 1.516 ns ( 57.42 % )
            Info: Total interconnect delay = 1.124 ns ( 42.58 % )
        Info: - Longest clock path from clock "CLOCK" to source register is 2.640 ns
            Info: 1: + IC(0.000 ns) + CELL(0.979 ns) = 0.979 ns; Loc. = PIN_D13; Fanout = 1; CLK Node = 'CLOCK'
            Info: 2: + IC(0.113 ns) + CELL(0.000 ns) = 1.092 ns; Loc. = CLKCTRL_G11; Fanout = 28; COMB Node = 'CLOCK~clkctrl'
            Info: 3: + IC(1.011 ns) + CELL(0.537 ns) = 2.640 ns; Loc. = LCFF_X47_Y23_N13; Fanout = 4; REG Node = 'temporizador:inst1|74161:inst1|f74161:sub|110'
            Info: Total cell delay = 1.516 ns ( 57.42 % )
            Info: Total interconnect delay = 1.124 ns ( 42.58 % )
    Info: + Micro clock to output delay of source is 0.250 ns
    Info: + Micro setup delay of destination is -0.036 ns
Info: tco from clock "CLOCK" to destination pin "LED1S" through register "temporizador:inst1|74160:inst6|9" is 10.410 ns
    Info: + Longest clock path from clock "CLOCK" to source register is 2.640 ns
        Info: 1: + IC(0.000 ns) + CELL(0.979 ns) = 0.979 ns; Loc. = PIN_D13; Fanout = 1; CLK Node = 'CLOCK'
        Info: 2: + IC(0.113 ns) + CELL(0.000 ns) = 1.092 ns; Loc. = CLKCTRL_G11; Fanout = 28; COMB Node = 'CLOCK~clkctrl'
        Info: 3: + IC(1.011 ns) + CELL(0.537 ns) = 2.640 ns; Loc. = LCFF_X47_Y23_N25; Fanout = 4; REG Node = 'temporizador:inst1|74160:inst6|9'
        Info: Total cell delay = 1.516 ns ( 57.42 % )
        Info: Total interconnect delay = 1.124 ns ( 42.58 % )
    Info: + Micro clock to output delay of source is 0.250 ns
    Info: + Longest register to pin delay is 7.520 ns
        Info: 1: + IC(0.000 ns) + CELL(0.000 ns) = 0.000 ns; Loc. = LCFF_X47_Y23_N25; Fanout = 4; REG Node = 'temporizador:inst1|74160:inst6|9'
        Info: 2: + IC(0.749 ns) + CELL(0.436 ns) = 1.185 ns; Loc. = LCCOMB_X49_Y23_N2; Fanout = 2; COMB Node = 'temporizador:inst1|inst8~0'
        Info: 3: + IC(0.254 ns) + CELL(0.378 ns) = 1.817 ns; Loc. = LCCOMB_X49_Y23_N16; Fanout = 1; COMB Node = 'temporizador:inst1|inst11~head_lut'
        Info: 4: + IC(2.895 ns) + CELL(2.808 ns) = 7.520 ns; Loc. = PIN_AE22; Fanout = 0; PIN Node = 'LED1S'
        Info: Total cell delay = 3.622 ns ( 48.16 % )
        Info: Total interconnect delay = 3.898 ns ( 51.84 % )
Info: Quartus II Classic Timing Analyzer was successful. 0 errors, 3 warnings
    Info: Peak virtual memory: 169 megabytes
    Info: Processing ended: Fri Feb 23 15:18:31 2024
    Info: Elapsed time: 00:00:04
    Info: Total CPU time (on all processors): 00:00:01


