Flow report for temporizador_50MHz
Sat Feb 24 13:56:14 2024
Quartus II 64-Bit Version 13.0.1 Build 232 06/12/2013 Service Pack 1 SJ Web Edition


---------------------
; Table of Contents ;
---------------------
  1. Legal Notice
  2. Flow Summary
  3. Flow Settings
  4. Flow Non-Default Global Settings
  5. Flow Elapsed Time
  6. Flow OS Summary
  7. Flow Log
  8. Flow Messages
  9. Flow Suppressed Messages



----------------
; Legal Notice ;
----------------
Copyright (C) 1991-2013 Altera Corporation
Your use of Altera Corporation's design tools, logic functions 
and other software and tools, and its AMPP partner logic 
functions, and any output files from any of the foregoing 
(including device programming or simulation files), and any 
associated documentation or information are expressly subject 
to the terms and conditions of the Altera Program License 
Subscription Agreement, Altera MegaCore Function License 
Agreement, or other applicable license agreement, including, 
without limitation, that your use is for the sole purpose of 
programming logic devices manufactured by Altera and sold by 
Altera or its authorized distributors.  Please refer to the 
applicable agreement for further details.



+--------------------------------------------------------------------------------------+
; Flow Summary                                                                         ;
+------------------------------------+-------------------------------------------------+
; Flow Status                        ; Successful - Sat Feb 24 13:56:14 2024           ;
; Quartus II 64-Bit Version          ; 13.0.1 Build 232 06/12/2013 SP 1 SJ Web Edition ;
; Revision Name                      ; temporizador_50MHz                              ;
; Top-level Entity Name              ; temporizador_50MHz                              ;
; Family                             ; Cyclone II                                      ;
; Device                             ; EP2C35F672C6                                    ;
; Timing Models                      ; Final                                           ;
; Total logic elements               ; 41 / 33,216 ( < 1 % )                           ;
;     Total combinational functions  ; 41 / 33,216 ( < 1 % )                           ;
;     Dedicated logic registers      ; 28 / 33,216 ( < 1 % )                           ;
; Total registers                    ; 28                                              ;
; Total pins                         ; 3 / 475 ( < 1 % )                               ;
; Total virtual pins                 ; 0                                               ;
; Total memory bits                  ; 0 / 483,840 ( 0 % )                             ;
; Embedded Multiplier 9-bit elements ; 0 / 70 ( 0 % )                                  ;
; Total PLLs                         ; 0 / 4 ( 0 % )                                   ;
+------------------------------------+-------------------------------------------------+


+-----------------------------------------+
; Flow Settings                           ;
+-------------------+---------------------+
; Option            ; Setting             ;
+-------------------+---------------------+
; Start date & time ; 02/24/2024 13:35:15 ;
; Main task         ; Compilation         ;
; Revision Name     ; temporizador_50MHz  ;
+-------------------+---------------------+


+-----------------------------------------------------------------------------------------------------------------+
; Flow Non-Default Global Settings                                                                                ;
+-------------------------------------+--------------------------------+---------------+-------------+------------+
; Assignment Name                     ; Value                          ; Default Value ; Entity Name ; Section Id ;
+-------------------------------------+--------------------------------+---------------+-------------+------------+
; COMPILER_SIGNATURE_ID               ; 64049488572322.170877811202476 ; --            ; --          ; --         ;
; MAX_CORE_JUNCTION_TEMP              ; 85                             ; --            ; --          ; --         ;
; MIN_CORE_JUNCTION_TEMP              ; 0                              ; --            ; --          ; --         ;
; PARTITION_COLOR                     ; 16764057                       ; --            ; --          ; Top        ;
; PARTITION_FITTER_PRESERVATION_LEVEL ; PLACEMENT_AND_ROUTING          ; --            ; --          ; Top        ;
; PARTITION_NETLIST_TYPE              ; SOURCE                         ; --            ; --          ; Top        ;
; PROJECT_OUTPUT_DIRECTORY            ; output_files                   ; --            ; --          ; --         ;
+-------------------------------------+--------------------------------+---------------+-------------+------------+


+-------------------------------------------------------------------------------------------------------------------------------+
; Flow Elapsed Time                                                                                                             ;
+---------------------------+--------------+-------------------------+---------------------+------------------------------------+
; Module Name               ; Elapsed Time ; Average Processors Used ; Peak Virtual Memory ; Total CPU Time (on all processors) ;
+---------------------------+--------------+-------------------------+---------------------+------------------------------------+
; Analysis & Synthesis      ; 00:00:23     ; 1.0                     ; 426 MB              ; 00:00:07                           ;
; Fitter                    ; 00:01:15     ; 1.0                     ; 654 MB              ; 00:00:43                           ;
; Assembler                 ; 00:00:38     ; 1.0                     ; 418 MB              ; 00:00:12                           ;
; TimeQuest Timing Analyzer ; 00:00:23     ; 1.0                     ; 386 MB              ; 00:00:05                           ;
; EDA Netlist Writer        ; 00:00:07     ; 1.0                     ; 377 MB              ; 00:00:02                           ;
; EDA Netlist Writer        ; 00:00:08     ; 1.0                     ; 377 MB              ; 00:00:03                           ;
; Total                     ; 00:02:54     ; --                      ; --                  ; 00:01:12                           ;
+---------------------------+--------------+-------------------------+---------------------+------------------------------------+


+----------------------------------------------------------------------------------------+
; Flow OS Summary                                                                        ;
+---------------------------+------------------+-----------+------------+----------------+
; Module Name               ; Machine Hostname ; OS Name   ; OS Version ; Processor type ;
+---------------------------+------------------+-----------+------------+----------------+
; Analysis & Synthesis      ; Ivan-PC          ; Windows 7 ; 6.1        ; x86_64         ;
; Fitter                    ; Ivan-PC          ; Windows 7 ; 6.1        ; x86_64         ;
; Assembler                 ; Ivan-PC          ; Windows 7 ; 6.1        ; x86_64         ;
; TimeQuest Timing Analyzer ; Ivan-PC          ; Windows 7 ; 6.1        ; x86_64         ;
; EDA Netlist Writer        ; Ivan-PC          ; Windows 7 ; 6.1        ; x86_64         ;
; EDA Netlist Writer        ; Ivan-PC          ; Windows 7 ; 6.1        ; x86_64         ;
+---------------------------+------------------+-----------+------------+----------------+


------------
; Flow Log ;
------------
quartus_map --read_settings_files=on --write_settings_files=off temporizador_50MHz -c temporizador_50MHz
quartus_fit --read_settings_files=off --write_settings_files=off temporizador_50MHz -c temporizador_50MHz
quartus_asm --read_settings_files=off --write_settings_files=off temporizador_50MHz -c temporizador_50MHz
quartus_sta temporizador_50MHz -c temporizador_50MHz
quartus_eda --gen_testbench --check_outputs=on --tool=modelsim_oem --format=verilog temporizador_50MHz -c temporizador_50MHz --vector_source=F:/Proyecto/Practica_Tarea_2/Waveform.vwf --testbench_file=./simulation/qsim/temporizador_50MHz.vt
quartus_eda --functional=on --simulation=on --tool=modelsim_oem --format=verilog temporizador_50MHz -c temporizador_50MHz



